<testsuite errors="0" failures="6" name="" tests="85" time="1562.362">
<testcase classname="tempest.api.compute.flavors.test_flavors.FlavorsV2TestJSON" name="test_get_flavor[id-1f12046b-753d-40d2-abb6-d8eb8b30cb2f,smoke]" time="2.055"/>
<testcase classname="tempest.api.network.test_extensions.ExtensionsTestJSON" name="test_list_show_extensions[id-ef28c7e6-e646-4979-9d67-deb207bc5564,smoke]" time="2.595"/>
<testcase classname="tempest.api.compute.flavors.test_flavors.FlavorsV2TestJSON" name="test_list_flavors[id-e36c0eaa-dff5-4082-ad1f-3f9a80aa3f59,smoke]" time="0.255"/>
<testcase classname="tempest.api.image.v2.test_images.BasicOperationsImagesTest" name="test_delete_image[id-f848bb94-1c6e-45a4-8726-39e3a5b23535,smoke]" time="2.384"/>
<testcase classname="tempest.api.identity.admin.v2.test_services.ServicesTestJSON" name="test_list_services[id-34ea6489-012d-4a86-9038-1287cadd5eca,smoke]" time="3.441"/>
<testcase classname="tempest.api.image.v2.test_images.BasicOperationsImagesTest" name="test_register_upload_get_image_file[id-139b765e-7f3d-4b3d-8b37-3ca3876ee318,smoke]" time="2.789"/>
<testcase classname="tempest.api.identity.admin.v2.test_users.UsersTestJSON" name="test_create_user[id-2d55a71e-da1d-4b43-9c03-d269fd93d905,smoke]" time="5.081"/>
<testcase classname="" name="setUpClass (tempest.api.network.test_routers.RoutersIpV6Test)" time="0.000">
<skip>IPv6 Tests are disabled.</skip>
</testcase>
<testcase classname="tempest.api.image.v2.test_images.BasicOperationsImagesTest" name="test_update_image[id-f66891a7-a35c-41a8-b590-a065c2a1caa6,smoke]" time="3.687"/>
<testcase classname="tempest.api.compute.security_groups.test_security_group_rules.SecurityGroupRulesTestJSON" name="test_security_group_rules_create[id-850795d7-d4d3-4e55-b527-a774c0123d3a,network,smoke]" time="4.715"/>
<testcase classname="" name="setUpClass (tempest.api.identity.admin.v3.test_credentials.CredentialsTestJSON)" time="0.000">
<skip>Identity api v3 is not enabled</skip>
</testcase>
<testcase classname="" name="setUpClass (tempest.api.identity.admin.v3.test_domains.DefaultDomainTestJSON)" time="0.000">
<skip>Identity api v3 is not enabled</skip>
</testcase>
<testcase classname="" name="setUpClass (tempest.api.identity.admin.v3.test_policies.PoliciesTestJSON)" time="0.000">
<skip>Identity api v3 is not enabled</skip>
</testcase>
<testcase classname="" name="setUpClass (tempest.api.identity.admin.v3.test_roles.RolesV3TestJSON)" time="0.000">
<skip>Identity api v3 is not enabled</skip>
</testcase>
<testcase classname="" name="setUpClass (tempest.api.identity.admin.v3.test_trusts.TrustsV3TestJSON)" time="0.000">
<skip>Identity api v3 is not enabled</skip>
</testcase>
<testcase classname="" name="setUpClass (tempest.api.network.test_networks.BulkNetworkOpsIpV6Test)" time="0.000">
<skip>IPv6 Tests are disabled.</skip>
</testcase>
<testcase classname="tempest.api.compute.security_groups.test_security_groups.SecurityGroupsTestJSON" name="test_security_groups_create_list_delete[id-eb2b087d-633d-4d0d-a7bd-9e6ba35b32de,network,smoke]" time="9.335"/>
<testcase classname="tempest.api.compute.security_groups.test_security_group_rules.SecurityGroupRulesTestJSON" name="test_security_group_rules_list[id-a6154130-5a55-4850-8be4-5e9e796dbf17,network,smoke]" time="7.453"/>
<testcase classname="tempest.api.identity.v2.test_api_discovery.TestApiDiscovery" name="test_api_media_types[id-007a0be0-78fe-4fdb-bbee-e9216cc17bb2,smoke]" time="0.026"/>
<testcase classname="tempest.api.identity.v2.test_api_discovery.TestApiDiscovery" name="test_api_version_resources[id-ea889a68-a15f-4166-bfb1-c12456eae853,smoke]" time="0.024"/>
<testcase classname="tempest.api.identity.v2.test_api_discovery.TestApiDiscovery" name="test_api_version_statuses[id-77fd6be0-8801-48e6-b9bf-38cdd2f253ec,smoke]" time="0.023"/>
<testcase classname="" name="setUpClass (tempest.api.network.test_networks.NetworksIpV6Test)" time="0.000">
<skip>IPv6 Tests are disabled.</skip>
</testcase>
<testcase classname="" name="setUpClass (tempest.api.object_storage.test_container_quotas.ContainerQuotasTest)" time="0.000">
<skip>ContainerQuotasTest skipped as swift is not available</skip>
</testcase>
<testcase classname="tempest.api.network.test_networks.NetworksTest" name="test_create_update_delete_network_subnet[id-0e269138-0da6-4efc-a46d-578161e7b221,smoke]" time="7.492"/>
<testcase classname="tempest.api.network.test_networks.NetworksTest" name="test_external_network_visibility[id-af774677-42a9-4e4b-bb58-16fe6a5bc1ec,smoke]" time="0.245"/>
<testcase classname="tempest.api.network.test_networks.NetworksTest" name="test_list_networks[id-f7ffdeda-e200-4a7a-bcbe-05716e86bf43,smoke]" time="0.080"/>
<testcase classname="tempest.api.network.test_networks.NetworksTest" name="test_list_subnets[id-db68ba48-f4ea-49e9-81d1-e367f6d0b20a,smoke]" time="0.063"/>
<testcase classname="tempest.api.network.test_networks.NetworksTest" name="test_show_network[id-2bf13842-c93f-4a69-83ed-717d2ec3b44e,smoke]" time="0.075"/>
<testcase classname="tempest.api.network.test_networks.NetworksTest" name="test_show_subnet[id-bd635d81-6030-4dd1-b3b9-31ba0cfdf6cc,smoke]" time="0.237"/>
<testcase classname="tempest.api.network.test_routers.RoutersTest" name="test_add_multiple_router_interfaces[id-802c73c9-c937-4cef-824b-2191e24a6aab,smoke]" time="20.330"/>
<testcase classname="tempest.api.compute.servers.test_attach_interfaces.AttachInterfacesTestJSON" name="test_add_remove_fixed_ip[id-c7e0e60b-ee45-43d0-abeb-8596fd42a2f9,network,smoke]" time="34.780"/>
<testcase classname="tempest.api.network.test_routers.RoutersTest" name="test_add_remove_router_interface_with_port_id[id-2b7d2f37-6748-4d78-92e5-1d590234f0d5,smoke]" time="12.054"/>
<testcase classname="tempest.api.compute.servers.test_server_addresses.ServerAddressesTestJSON" name="test_list_server_addresses[id-6eb718c0-02d9-4d5e-acd1-4e0c269cef39,network,smoke]" time="0.109"/>
<testcase classname="tempest.api.compute.servers.test_server_addresses.ServerAddressesTestJSON" name="test_list_server_addresses_by_network[id-87bbc374-5538-4f64-b673-2b0e4443cc30,network,smoke]" time="0.228"/>
<testcase classname="tempest.api.volume.test_volumes_list.VolumesV2ListTestJSON" name="test_volume_list[id-0b6ddd39-b948-471f-8038-4787978747c4,smoke]" time="0.074"/>
<testcase classname="tempest.api.network.test_routers.RoutersTest" name="test_add_remove_router_interface_with_subnet_id[id-b42e6e39-2e37-49cc-a6f4-8467e940900a,smoke]" time="11.331"/>
<testcase classname="" name="setUpClass (tempest.api.identity.admin.v3.test_services.ServicesTestJSON)" time="0.000">
<skip>Identity api v3 is not enabled</skip>
</testcase>
<testcase classname="tempest.api.network.test_routers.RoutersTest" name="test_create_show_list_update_delete_router[id-f64403e2-8483-4b34-8ccd-b09a87bcc68c,smoke]" time="6.093"/>
<testcase classname="tempest.api.network.test_floating_ips.FloatingIPTestJSON" name="test_create_floating_ip_specifying_a_fixed_ip_address[id-36de4bd0-f09c-43e3-a8e1-1decc1ffd3a5,smoke]" time="2.648"/>
<testcase classname="tempest.api.network.test_floating_ips.FloatingIPTestJSON" name="test_create_list_show_update_delete_floating_ip[id-62595970-ab1c-4b7f-8fcc-fddfe55e8718,smoke]" time="4.382"/>
<testcase classname="tempest.api.network.test_security_groups.SecGroupTest" name="test_create_list_update_show_delete_security_group[id-bfd128e5-3c92-44b6-9d66-7fe29d22c802,smoke]" time="1.419"/>
<testcase classname="tempest.api.network.test_security_groups.SecGroupTest" name="test_create_show_delete_security_group_rule[id-cfb99e0e-7410-4a3d-8a0c-959a63ee77e9,smoke]" time="2.226"/>
<testcase classname="tempest.api.network.test_security_groups.SecGroupTest" name="test_list_security_groups[id-e30abd17-fef9-4739-8617-dc26da88e686,smoke]" time="0.051"/>
<testcase classname="tempest.api.network.test_versions.NetworksApiDiscovery" name="test_api_version_resources[id-cac8a836-c2e0-4304-b556-cd299c7281d1,smoke]" time="0.005"/>
<testcase classname="tempest.api.network.test_networks.BulkNetworkOpsTest" name="test_bulk_create_delete_network[id-d4f9024d-1e28-4fc1-a6b1-25dbc6fa11e2,smoke]" time="2.761"/>
<testcase classname="tempest.api.network.test_networks.BulkNetworkOpsTest" name="test_bulk_create_delete_port[id-48037ff2-e889-4c3b-b86a-8e3f34d2d060,smoke]" time="4.715"/>
<testcase classname="tempest.api.network.test_networks.BulkNetworkOpsTest" name="test_bulk_create_delete_subnet[id-8936533b-c0aa-4f29-8e53-6cc873aec489,smoke]" time="4.091"/>
<testcase classname="tempest.api.volume.test_volumes_get.VolumesV2GetTest" name="test_volume_create_get_update_delete[id-27fb0e9f-fb64-41dd-8bdb-1ffa762f0d51,smoke]" time="12.544"/>
<testcase classname="" name="setUpClass (tempest.api.object_storage.test_account_quotas.AccountQuotasTest)" time="0.000">
<skip>AccountQuotasTest skipped as swift is not available</skip>
</testcase>
<testcase classname="" name="setUpClass (tempest.api.object_storage.test_account_services.AccountTest)" time="0.000">
<skip>AccountTest skipped as swift is not available</skip>
</testcase>
<testcase classname="tempest.api.compute.servers.test_create_server.ServersTestManualDisk" name="test_list_servers[id-9a438d88-10c6-4bcd-8b5b-5b6e25e1346f,smoke]" time="0.093"/>
<testcase classname="tempest.api.compute.servers.test_create_server.ServersTestManualDisk" name="test_verify_server_details[id-5de47127-9977-400a-936f-abcfbec1218f,smoke]" time="0.001"/>
<testcase classname="" name="setUpClass (tempest.api.identity.admin.v3.test_domains.DomainsTestJSON)" time="0.000">
<skip>Identity api v3 is not enabled</skip>
</testcase>
<testcase classname="" name="setUpClass (tempest.api.network.test_ports.PortsIpV6TestJSON)" time="0.000">
<skip>IPv6 Tests are disabled.</skip>
</testcase>
<testcase classname="" name="setUpClass (tempest.api.object_storage.test_object_services.ObjectTest)" time="0.000">
<skip>ObjectTest skipped as swift is not available</skip>
</testcase>
<testcase classname="" name="setUpClass (tempest.scenario.test_server_multinode.TestServerMultinode)" time="0.000">
<skip>Less than 2 compute nodes, skipping multinode tests.</skip>
</testcase>
<testcase classname="tempest.api.compute.servers.test_create_server.ServersTestJSON" name="test_list_servers[id-9a438d88-10c6-4bcd-8b5b-5b6e25e1346f,smoke]" time="0.108"/>
<testcase classname="tempest.api.compute.servers.test_create_server.ServersTestJSON" name="test_verify_server_details[id-5de47127-9977-400a-936f-abcfbec1218f,smoke]" time="0.001"/>
<testcase classname="tempest.api.compute.servers.test_server_actions.ServerActionsTestJSON" name="test_reboot_server_hard[id-2cb1baf6-ac8d-4429-bf0d-ba8a0ba53e32,smoke]" time="6.444"/>
<testcase classname="" name="setUpClass (tempest.api.identity.admin.v3.test_endpoints.EndPointsTestJSON)" time="0.000">
<skip>Identity api v3 is not enabled</skip>
</testcase>
<testcase classname="" name="setUpClass (tempest.api.identity.v3.test_api_discovery.TestApiDiscovery)" time="0.000">
<skip>Identity api v3 is not enabled</skip>
</testcase>
<testcase classname="tempest.api.network.test_subnetpools_extensions.SubnetPoolsTestJSON" name="test_create_list_show_update_delete_subnetpools[id-62595970-ab1c-4b7f-8fcc-fddfe55e9811,smoke]" time="1.906"/>
<testcase classname="" name="setUpClass (tempest.api.object_storage.test_container_services.ContainerTest)" time="0.000">
<skip>ContainerTest skipped as swift is not available</skip>
</testcase>
<testcase classname="" name="setUpClass (tempest.api.orchestration.stacks.test_soft_conf.TestSoftwareConfig)" time="0.000">
<skip>Heat support is required</skip>
</testcase>
<testcase classname="" name="setUpClass (tempest.api.identity.admin.v3.test_groups.GroupsV3TestJSON)" time="0.000">
<skip>Identity api v3 is not enabled</skip>
</testcase>
<testcase classname="" name="setUpClass (tempest.api.identity.admin.v3.test_regions.RegionsTestJSON)" time="0.000">
<skip>Identity api v3 is not enabled</skip>
</testcase>
<testcase classname="" name="setUpClass (tempest.api.orchestration.stacks.test_resource_types.ResourceTypesTest)" time="0.000">
<skip>Heat support is required</skip>
</testcase>
<testcase classname="tempest.api.volume.test_volumes_get.VolumesV2GetTest" name="test_volume_create_get_update_delete_from_image[id-54a01030-c7fc-447c-86ee-c1182beae638,image,smoke]" time="82.845"/>
<testcase classname="tempest.api.volume.test_volumes_list.VolumesV1ListTestJSON" name="test_volume_list[id-0b6ddd39-b948-471f-8038-4787978747c4,smoke]" time="0.069"/>
<testcase classname="tempest.scenario.test_network_basic_ops.TestNetworkBasicOps" name="test_network_basic_ops[compute,id-f323b3ba-82f8-4db7-8ea6-6a895869ec49,network,smoke]" time="164.821"/>
<testcase classname="" name="tearDownClass (tempest.api.image.v2.test_images.BasicOperationsImagesTest)" time="0.000">
<failure type="testtools.testresult.real._StringException">_StringException: Traceback (most recent call last):
  File "/var/lib/tempest/tempest-14.0.0/tempest/.tox/tempest/lib/python3.5/site-packages/urllib3/connectionpool.py", line 600, in urlopen
    chunked=chunked)
  File "/var/lib/tempest/tempest-14.0.0/tempest/.tox/tempest/lib/python3.5/site-packages/urllib3/connectionpool.py", line 386, in _make_request
    six.raise_from(e, None)
  File "&lt;string>", line 2, in raise_from
  File "/var/lib/tempest/tempest-14.0.0/tempest/.tox/tempest/lib/python3.5/site-packages/urllib3/connectionpool.py", line 382, in _make_request
    httplib_response = conn.getresponse()
  File "/usr/lib/python3.5/http/client.py", line 1197, in getresponse
    response.begin()
  File "/usr/lib/python3.5/http/client.py", line 297, in begin
    version, status, reason = self._read_status()
  File "/usr/lib/python3.5/http/client.py", line 266, in _read_status
    raise RemoteDisconnected("Remote end closed connection without"
http.client.RemoteDisconnected: Remote end closed connection without response

During handling of the above exception, another exception occurred:

Traceback (most recent call last):
  File "/var/lib/tempest/tempest-14.0.0/tempest/tempest/test.py", line 308, in tearDownClass
    six.reraise(etype, value, trace)
  File "/var/lib/tempest/tempest-14.0.0/tempest/.tox/tempest/lib/python3.5/site-packages/six.py", line 686, in reraise
    raise value
  File "/var/lib/tempest/tempest-14.0.0/tempest/tempest/test.py", line 291, in tearDownClass
    teardown()
  File "/var/lib/tempest/tempest-14.0.0/tempest/tempest/api/image/base.py", line 52, in resource_cleanup
    cls.client.delete_image, image_id)
  File "/var/lib/tempest/tempest-14.0.0/tempest/tempest/lib/common/utils/test_utils.py", line 84, in call_and_ignore_notfound_exc
    return func(*args, **kwargs)
  File "/var/lib/tempest/tempest-14.0.0/tempest/tempest/lib/services/image/v2/images_client.py", line 90, in delete_image
    resp, _ = self.delete(url)
  File "/var/lib/tempest/tempest-14.0.0/tempest/tempest/lib/common/rest_client.py", line 307, in delete
    return self.request('DELETE', url, extra_headers, headers, body)
  File "/var/lib/tempest/tempest-14.0.0/tempest/tempest/lib/common/rest_client.py", line 649, in request
    body=body, chunked=chunked)
  File "/var/lib/tempest/tempest-14.0.0/tempest/tempest/lib/common/rest_client.py", line 546, in _request
    chunked=chunked
  File "/var/lib/tempest/tempest-14.0.0/tempest/tempest/lib/common/rest_client.py", line 579, in raw_request
    body=body, chunked=chunked)
  File "/var/lib/tempest/tempest-14.0.0/tempest/tempest/lib/common/http.py", line 57, in request
    *args, **new_kwargs)
  File "/var/lib/tempest/tempest-14.0.0/tempest/.tox/tempest/lib/python3.5/site-packages/urllib3/request.py", line 66, in request
    **urlopen_kw)
  File "/var/lib/tempest/tempest-14.0.0/tempest/.tox/tempest/lib/python3.5/site-packages/urllib3/request.py", line 87, in request_encode_url
    return self.urlopen(method, url, **extra_kw)
  File "/var/lib/tempest/tempest-14.0.0/tempest/.tox/tempest/lib/python3.5/site-packages/urllib3/poolmanager.py", line 244, in urlopen
    response = conn.urlopen(method, u.request_uri, **kw)
  File "/var/lib/tempest/tempest-14.0.0/tempest/.tox/tempest/lib/python3.5/site-packages/urllib3/connectionpool.py", line 678, in urlopen
    **response_kw)
  File "/var/lib/tempest/tempest-14.0.0/tempest/.tox/tempest/lib/python3.5/site-packages/urllib3/connectionpool.py", line 678, in urlopen
    **response_kw)
  File "/var/lib/tempest/tempest-14.0.0/tempest/.tox/tempest/lib/python3.5/site-packages/urllib3/connectionpool.py", line 678, in urlopen
    **response_kw)
  File "/var/lib/tempest/tempest-14.0.0/tempest/.tox/tempest/lib/python3.5/site-packages/urllib3/connectionpool.py", line 678, in urlopen
    **response_kw)
  File "/var/lib/tempest/tempest-14.0.0/tempest/.tox/tempest/lib/python3.5/site-packages/urllib3/connectionpool.py", line 678, in urlopen
    **response_kw)
  File "/var/lib/tempest/tempest-14.0.0/tempest/.tox/tempest/lib/python3.5/site-packages/urllib3/connectionpool.py", line 678, in urlopen
    **response_kw)
  File "/var/lib/tempest/tempest-14.0.0/tempest/.tox/tempest/lib/python3.5/site-packages/urllib3/connectionpool.py", line 678, in urlopen
    **response_kw)
  File "/var/lib/tempest/tempest-14.0.0/tempest/.tox/tempest/lib/python3.5/site-packages/urllib3/connectionpool.py", line 678, in urlopen
    **response_kw)
  File "/var/lib/tempest/tempest-14.0.0/tempest/.tox/tempest/lib/python3.5/site-packages/urllib3/connectionpool.py", line 678, in urlopen
    **response_kw)
  File "/var/lib/tempest/tempest-14.0.0/tempest/.tox/tempest/lib/python3.5/site-packages/urllib3/connectionpool.py", line 678, in urlopen
    **response_kw)
  File "/var/lib/tempest/tempest-14.0.0/tempest/.tox/tempest/lib/python3.5/site-packages/urllib3/connectionpool.py", line 649, in urlopen
    _stacktrace=sys.exc_info()[2])
  File "/var/lib/tempest/tempest-14.0.0/tempest/.tox/tempest/lib/python3.5/site-packages/urllib3/util/retry.py", line 376, in increment
    raise MaxRetryError(_pool, url, error or ResponseError(cause))
urllib3.exceptions.MaxRetryError: HTTPConnectionPool(host='10.245.2.209', port=9292): Max retries exceeded with url: /v2/images/44ad0395-4a88-4612-b7fa-8b6b515a2914 (Caused by ProtocolError('Connection aborted.', RemoteDisconnected('Remote end closed connection without response',)))

</failure>
</testcase>
<testcase classname="tempest.api.network.test_ports.PortsTestJSON" name="test_create_port_in_allowed_allocation_pools[id-0435f278-40ae-48cb-a404-b8a087bc09b1,smoke]" time="4.082"/>
<testcase classname="tempest.api.network.test_ports.PortsTestJSON" name="test_create_port_with_no_securitygroups[id-4179dcb9-1382-4ced-84fe-1b91c54f5735,smoke]" time="5.686"/>
<testcase classname="tempest.api.network.test_ports.PortsTestJSON" name="test_create_update_delete_port[id-c72c1c0c-2193-4aca-aaa4-b1442640f51c,smoke]" time="2.749"/>
<testcase classname="tempest.api.network.test_ports.PortsTestJSON" name="test_list_ports[id-cf95b358-3e92-4a29-a148-52445e1ac50e,smoke]" time="0.091"/>
<testcase classname="tempest.api.network.test_ports.PortsTestJSON" name="test_show_port[id-c9a685bd-e83f-499c-939f-9f7863ca259f,smoke]" time="0.054"/>
<testcase classname="" name="setUpClass (tempest.api.network.test_security_groups.SecGroupIPv6Test)" time="0.000">
<skip>IPv6 Tests are disabled.</skip>
</testcase>
<testcase classname="" name="setUpClass (tempest.api.orchestration.stacks.test_stacks.StacksTestJSON)" time="0.000">
<skip>Heat support is required</skip>
</testcase>
<testcase classname="tempest.scenario.test_server_basic_ops.TestServerBasicOps" name="test_server_basic_ops[compute,id-7fff3fb3-91d8-4fd0-bd7d-0204f1f180ba,network,smoke]" time="32.913"/>
<testcase classname="tempest.api.volume.test_volumes_actions.VolumesV1ActionsTest" name="test_attach_detach_volume_to_instance[compute,id-fff42874-7db5-4487-a8e1-ddda5fb5288d,smoke]" time="15.567"/>
<testcase classname="" name="setUpClass (tempest.api.volume.test_volumes_actions.VolumesV2ActionsTest)" time="0.000">
<failure type="testtools.testresult.real._StringException">_StringException: Traceback (most recent call last):
  File "/var/lib/tempest/tempest-14.0.0/tempest/tempest/test.py", line 270, in setUpClass
    six.reraise(etype, value, trace)
  File "/var/lib/tempest/tempest-14.0.0/tempest/.tox/tempest/lib/python3.5/site-packages/six.py", line 686, in reraise
    raise value
  File "/var/lib/tempest/tempest-14.0.0/tempest/tempest/test.py", line 263, in setUpClass
    cls.resource_setup()
  File "/var/lib/tempest/tempest-14.0.0/tempest/tempest/api/volume/test_volumes_actions.py", line 49, in resource_setup
    cls.volume = cls.create_volume()
  File "/var/lib/tempest/tempest-14.0.0/tempest/tempest/api/volume/base.py", line 135, in create_volume
    wait_until)
  File "/var/lib/tempest/tempest-14.0.0/tempest/tempest/common/waiters.py", line 180, in wait_for_volume_status
    raise exceptions.VolumeBuildErrorException(volume_id=volume_id)
tempest.exceptions.VolumeBuildErrorException: Volume 468c11b3-b85e-44f2-90b5-c627106d2771 failed to build and is in ERROR status

</failure>
</testcase>
<testcase classname="tempest.api.volume.test_volumes_get.VolumesV1GetTest" name="test_volume_create_get_update_delete[id-27fb0e9f-fb64-41dd-8bdb-1ffa762f0d51,smoke]" time="3.031">
<failure type="testtools.testresult.real._StringException">_StringException: Empty attachments:
  stderr
  stdout

pythonlogging:'': {{{
2017-03-14 17:18:58,605 100962 INFO     [tempest.lib.common.rest_client] Request (VolumesV1GetTest:test_volume_create_get_update_delete): 200 POST http://10.245.58.175:8776/v1/587a4790e87b421d8c9d8da7e7b7fec2/volumes 1.266s
2017-03-14 17:18:58,690 100962 INFO     [tempest.lib.common.rest_client] Request (VolumesV1GetTest:test_volume_create_get_update_delete): 200 GET http://10.245.58.175:8776/v1/587a4790e87b421d8c9d8da7e7b7fec2/volumes/947d744f-6bbe-4da0-9007-e65b18f43cc1 0.084s
2017-03-14 17:18:59,788 100962 INFO     [tempest.lib.common.rest_client] Request (VolumesV1GetTest:test_volume_create_get_update_delete): 200 GET http://10.245.58.175:8776/v1/587a4790e87b421d8c9d8da7e7b7fec2/volumes/947d744f-6bbe-4da0-9007-e65b18f43cc1 0.095s
2017-03-14 17:19:00,289 100962 INFO     [tempest.lib.common.rest_client] Request (VolumesV1GetTest:_run_cleanups): 202 DELETE http://10.245.58.175:8776/v1/587a4790e87b421d8c9d8da7e7b7fec2/volumes/947d744f-6bbe-4da0-9007-e65b18f43cc1 0.499s
2017-03-14 17:19:00,366 100962 INFO     [tempest.lib.common.rest_client] Request (VolumesV1GetTest:_run_cleanups): 404 GET http://10.245.58.175:8776/v1/587a4790e87b421d8c9d8da7e7b7fec2/volumes/947d744f-6bbe-4da0-9007-e65b18f43cc1 0.076s
}}}

Traceback (most recent call last):
  File "/var/lib/tempest/tempest-14.0.0/tempest/tempest/api/volume/test_volumes_get.py", line 123, in test_volume_create_get_update_delete
    self._volume_create_get_update_delete(size=CONF.volume.volume_size)
  File "/var/lib/tempest/tempest-14.0.0/tempest/tempest/api/volume/test_volumes_get.py", line 44, in _volume_create_get_update_delete
    'available')
  File "/var/lib/tempest/tempest-14.0.0/tempest/tempest/common/waiters.py", line 180, in wait_for_volume_status
    raise exceptions.VolumeBuildErrorException(volume_id=volume_id)
tempest.exceptions.VolumeBuildErrorException: Volume 947d744f-6bbe-4da0-9007-e65b18f43cc1 failed to build and is in ERROR status

</failure>
</testcase>
<testcase classname="tempest.api.volume.test_volumes_get.VolumesV1GetTest" name="test_volume_create_get_update_delete_from_image[id-54a01030-c7fc-447c-86ee-c1182beae638,image,smoke]" time="3.054">
<failure type="testtools.testresult.real._StringException">_StringException: Empty attachments:
  stderr
  stdout

pythonlogging:'': {{{
2017-03-14 17:19:00,867 100962 INFO     [tempest.lib.common.rest_client] Request (VolumesV1GetTest:test_volume_create_get_update_delete_from_image): 200 GET http://10.245.2.216:8774/v2/587a4790e87b421d8c9d8da7e7b7fec2/images/1be4874d-6648-48b1-b4b8-75c9e889cb79 0.496s
2017-03-14 17:19:01,600 100962 INFO     [tempest.lib.common.rest_client] Request (VolumesV1GetTest:test_volume_create_get_update_delete_from_image): 200 POST http://10.245.58.175:8776/v1/587a4790e87b421d8c9d8da7e7b7fec2/volumes 0.725s
2017-03-14 17:19:01,689 100962 INFO     [tempest.lib.common.rest_client] Request (VolumesV1GetTest:test_volume_create_get_update_delete_from_image): 200 GET http://10.245.58.175:8776/v1/587a4790e87b421d8c9d8da7e7b7fec2/volumes/2624098d-7a9a-402c-aab8-ac1d705b6148 0.088s
2017-03-14 17:19:02,783 100962 INFO     [tempest.lib.common.rest_client] Request (VolumesV1GetTest:test_volume_create_get_update_delete_from_image): 200 GET http://10.245.58.175:8776/v1/587a4790e87b421d8c9d8da7e7b7fec2/volumes/2624098d-7a9a-402c-aab8-ac1d705b6148 0.091s
2017-03-14 17:19:03,239 100962 INFO     [tempest.lib.common.rest_client] Request (VolumesV1GetTest:_run_cleanups): 202 DELETE http://10.245.58.175:8776/v1/587a4790e87b421d8c9d8da7e7b7fec2/volumes/2624098d-7a9a-402c-aab8-ac1d705b6148 0.455s
2017-03-14 17:19:03,422 100962 INFO     [tempest.lib.common.rest_client] Request (VolumesV1GetTest:_run_cleanups): 404 GET http://10.245.58.175:8776/v1/587a4790e87b421d8c9d8da7e7b7fec2/volumes/2624098d-7a9a-402c-aab8-ac1d705b6148 0.182s
}}}

Traceback (most recent call last):
  File "/var/lib/tempest/tempest-14.0.0/tempest/tempest/test.py", line 99, in wrapper
    return f(self, *func_args, **func_kwargs)
  File "/var/lib/tempest/tempest-14.0.0/tempest/tempest/api/volume/test_volumes_get.py", line 134, in test_volume_create_get_update_delete_from_image
    imageRef=CONF.compute.image_ref, size=disk_size)
  File "/var/lib/tempest/tempest-14.0.0/tempest/tempest/api/volume/test_volumes_get.py", line 44, in _volume_create_get_update_delete
    'available')
  File "/var/lib/tempest/tempest-14.0.0/tempest/tempest/common/waiters.py", line 180, in wait_for_volume_status
    raise exceptions.VolumeBuildErrorException(volume_id=volume_id)
tempest.exceptions.VolumeBuildErrorException: Volume 2624098d-7a9a-402c-aab8-ac1d705b6148 failed to build and is in ERROR status

</failure>
</testcase>
<testcase classname="tempest.scenario.test_volume_boot_pattern.TestVolumeBootPatternV2" name="test_volume_boot_pattern[compute,id-557cd2c2-4eb8-4dce-98be-f86765ff311b,image,smoke,volume]" time="1001.038">
<failure type="testtools.testresult.real._StringException">_StringException: Empty attachments:
  stderr
  stdout

pythonlogging:'': {{{
2017-03-14 17:08:35,226 100957 INFO     [tempest.scenario.test_volume_boot_pattern] Creating keypair and security group
2017-03-14 17:08:35,852 100957 INFO     [tempest.lib.common.rest_client] Request (TestVolumeBootPatternV2:test_volume_boot_pattern): 200 POST http://10.245.2.216:8774/v2/6721a6dfdd2a45d88bf243765d3c9517/os-keypairs 0.625s
2017-03-14 17:08:37,065 100957 INFO     [tempest.lib.common.rest_client] Request (TestVolumeBootPatternV2:test_volume_boot_pattern): 200 POST http://10.245.2.216:8774/v2/6721a6dfdd2a45d88bf243765d3c9517/os-security-groups 1.210s
2017-03-14 17:08:38,172 100957 INFO     [tempest.lib.common.rest_client] Request (TestVolumeBootPatternV2:test_volume_boot_pattern): 200 POST http://10.245.2.216:8774/v2/6721a6dfdd2a45d88bf243765d3c9517/os-security-group-rules 1.103s
2017-03-14 17:08:38,756 100957 INFO     [tempest.lib.common.rest_client] Request (TestVolumeBootPatternV2:test_volume_boot_pattern): 200 POST http://10.245.2.216:8774/v2/6721a6dfdd2a45d88bf243765d3c9517/os-security-group-rules 0.582s
2017-03-14 17:08:38,760 100957 INFO     [tempest.scenario.test_volume_boot_pattern] Booting instance 1 from volume
2017-03-14 17:08:39,391 100957 INFO     [tempest.lib.common.rest_client] Request (TestVolumeBootPatternV2:test_volume_boot_pattern): 200 GET http://10.245.2.216:8774/v2/6721a6dfdd2a45d88bf243765d3c9517/images/1be4874d-6648-48b1-b4b8-75c9e889cb79 0.631s
2017-03-14 17:08:41,872 100957 INFO     [tempest.lib.common.rest_client] Request (TestVolumeBootPatternV2:test_volume_boot_pattern): 202 POST http://10.245.58.175:8776/v2/6721a6dfdd2a45d88bf243765d3c9517/volumes 2.477s
2017-03-14 17:08:41,960 100957 INFO     [tempest.lib.common.rest_client] Request (TestVolumeBootPatternV2:test_volume_boot_pattern): 200 GET http://10.245.58.175:8776/v2/6721a6dfdd2a45d88bf243765d3c9517/volumes/a1c8eb7a-5eaa-437a-aedc-a7a1656c5fe1 0.086s
2017-03-14 17:08:43,061 100957 INFO     [tempest.lib.common.rest_client] Request (TestVolumeBootPatternV2:test_volume_boot_pattern): 200 GET http://10.245.58.175:8776/v2/6721a6dfdd2a45d88bf243765d3c9517/volumes/a1c8eb7a-5eaa-437a-aedc-a7a1656c5fe1 0.099s
2017-03-14 17:08:44,168 100957 INFO     [tempest.lib.common.rest_client] Request (TestVolumeBootPatternV2:test_volume_boot_pattern): 200 GET http://10.245.58.175:8776/v2/6721a6dfdd2a45d88bf243765d3c9517/volumes/a1c8eb7a-5eaa-437a-aedc-a7a1656c5fe1 0.105s
2017-03-14 17:08:45,297 100957 INFO     [tempest.lib.common.rest_client] Request (TestVolumeBootPatternV2:test_volume_boot_pattern): 200 GET http://10.245.58.175:8776/v2/6721a6dfdd2a45d88bf243765d3c9517/volumes/a1c8eb7a-5eaa-437a-aedc-a7a1656c5fe1 0.126s
2017-03-14 17:08:46,713 100957 INFO     [tempest.lib.common.rest_client] Request (TestVolumeBootPatternV2:test_volume_boot_pattern): 200 GET http://10.245.58.175:8776/v2/6721a6dfdd2a45d88bf243765d3c9517/volumes/a1c8eb7a-5eaa-437a-aedc-a7a1656c5fe1 0.414s
2017-03-14 17:08:48,122 100957 INFO     [tempest.lib.common.rest_client] Request (TestVolumeBootPatternV2:test_volume_boot_pattern): 200 GET http://10.245.58.175:8776/v2/6721a6dfdd2a45d88bf243765d3c9517/volumes/a1c8eb7a-5eaa-437a-aedc-a7a1656c5fe1 0.406s
2017-03-14 17:08:49,219 100957 INFO     [tempest.lib.common.rest_client] Request (TestVolumeBootPatternV2:test_volume_boot_pattern): 200 GET http://10.245.58.175:8776/v2/6721a6dfdd2a45d88bf243765d3c9517/volumes/a1c8eb7a-5eaa-437a-aedc-a7a1656c5fe1 0.095s
2017-03-14 17:08:50,309 100957 INFO     [tempest.lib.common.rest_client] Request (TestVolumeBootPatternV2:test_volume_boot_pattern): 200 GET http://10.245.58.175:8776/v2/6721a6dfdd2a45d88bf243765d3c9517/volumes/a1c8eb7a-5eaa-437a-aedc-a7a1656c5fe1 0.088s
2017-03-14 17:08:51,397 100957 INFO     [tempest.lib.common.rest_client] Request (TestVolumeBootPatternV2:test_volume_boot_pattern): 200 GET http://10.245.58.175:8776/v2/6721a6dfdd2a45d88bf243765d3c9517/volumes/a1c8eb7a-5eaa-437a-aedc-a7a1656c5fe1 0.085s
2017-03-14 17:08:52,501 100957 INFO     [tempest.lib.common.rest_client] Request (TestVolumeBootPatternV2:test_volume_boot_pattern): 200 GET http://10.245.58.175:8776/v2/6721a6dfdd2a45d88bf243765d3c9517/volumes/a1c8eb7a-5eaa-437a-aedc-a7a1656c5fe1 0.102s
2017-03-14 17:08:53,599 100957 INFO     [tempest.lib.common.rest_client] Request (TestVolumeBootPatternV2:test_volume_boot_pattern): 200 GET http://10.245.58.175:8776/v2/6721a6dfdd2a45d88bf243765d3c9517/volumes/a1c8eb7a-5eaa-437a-aedc-a7a1656c5fe1 0.096s
2017-03-14 17:08:54,686 100957 INFO     [tempest.lib.common.rest_client] Request (TestVolumeBootPatternV2:test_volume_boot_pattern): 200 GET http://10.245.58.175:8776/v2/6721a6dfdd2a45d88bf243765d3c9517/volumes/a1c8eb7a-5eaa-437a-aedc-a7a1656c5fe1 0.085s
2017-03-14 17:08:55,775 100957 INFO     [tempest.lib.common.rest_client] Request (TestVolumeBootPatternV2:test_volume_boot_pattern): 200 GET http://10.245.58.175:8776/v2/6721a6dfdd2a45d88bf243765d3c9517/volumes/a1c8eb7a-5eaa-437a-aedc-a7a1656c5fe1 0.086s
2017-03-14 17:08:57,199 100957 INFO     [tempest.lib.common.rest_client] Request (TestVolumeBootPatternV2:test_volume_boot_pattern): 200 GET http://10.245.58.175:8776/v2/6721a6dfdd2a45d88bf243765d3c9517/volumes/a1c8eb7a-5eaa-437a-aedc-a7a1656c5fe1 0.422s
2017-03-14 17:08:58,317 100957 INFO     [tempest.lib.common.rest_client] Request (TestVolumeBootPatternV2:test_volume_boot_pattern): 200 GET http://10.245.58.175:8776/v2/6721a6dfdd2a45d88bf243765d3c9517/volumes/a1c8eb7a-5eaa-437a-aedc-a7a1656c5fe1 0.116s
2017-03-14 17:08:59,423 100957 INFO     [tempest.lib.common.rest_client] Request (TestVolumeBootPatternV2:test_volume_boot_pattern): 200 GET http://10.245.58.175:8776/v2/6721a6dfdd2a45d88bf243765d3c9517/volumes/a1c8eb7a-5eaa-437a-aedc-a7a1656c5fe1 0.103s
2017-03-14 17:09:00,510 100957 INFO     [tempest.lib.common.rest_client] Request (TestVolumeBootPatternV2:test_volume_boot_pattern): 200 GET http://10.245.58.175:8776/v2/6721a6dfdd2a45d88bf243765d3c9517/volumes/a1c8eb7a-5eaa-437a-aedc-a7a1656c5fe1 0.086s
2017-03-14 17:09:01,632 100957 INFO     [tempest.lib.common.rest_client] Request (TestVolumeBootPatternV2:test_volume_boot_pattern): 200 GET http://10.245.58.175:8776/v2/6721a6dfdd2a45d88bf243765d3c9517/volumes/a1c8eb7a-5eaa-437a-aedc-a7a1656c5fe1 0.120s
2017-03-14 17:09:03,044 100957 INFO     [tempest.lib.common.rest_client] Request (TestVolumeBootPatternV2:test_volume_boot_pattern): 200 GET http://10.245.58.175:8776/v2/6721a6dfdd2a45d88bf243765d3c9517/volumes/a1c8eb7a-5eaa-437a-aedc-a7a1656c5fe1 0.410s
2017-03-14 17:09:04,137 100957 INFO     [tempest.lib.common.rest_client] Request (TestVolumeBootPatternV2:test_volume_boot_pattern): 200 GET http://10.245.58.175:8776/v2/6721a6dfdd2a45d88bf243765d3c9517/volumes/a1c8eb7a-5eaa-437a-aedc-a7a1656c5fe1 0.091s
2017-03-14 17:09:05,243 100957 INFO     [tempest.lib.common.rest_client] Request (TestVolumeBootPatternV2:test_volume_boot_pattern): 200 GET http://10.245.58.175:8776/v2/6721a6dfdd2a45d88bf243765d3c9517/volumes/a1c8eb7a-5eaa-437a-aedc-a7a1656c5fe1 0.104s
2017-03-14 17:09:06,333 100957 INFO     [tempest.lib.common.rest_client] Request (TestVolumeBootPatternV2:test_volume_boot_pattern): 200 GET http://10.245.58.175:8776/v2/6721a6dfdd2a45d88bf243765d3c9517/volumes/a1c8eb7a-5eaa-437a-aedc-a7a1656c5fe1 0.087s
2017-03-14 17:09:07,438 100957 INFO     [tempest.lib.common.rest_client] Request (TestVolumeBootPatternV2:test_volume_boot_pattern): 200 GET http://10.245.58.175:8776/v2/6721a6dfdd2a45d88bf243765d3c9517/volumes/a1c8eb7a-5eaa-437a-aedc-a7a1656c5fe1 0.102s
2017-03-14 17:09:08,522 100957 INFO     [tempest.lib.common.rest_client] Request (TestVolumeBootPatternV2:test_volume_boot_pattern): 200 GET http://10.245.58.175:8776/v2/6721a6dfdd2a45d88bf243765d3c9517/volumes/a1c8eb7a-5eaa-437a-aedc-a7a1656c5fe1 0.081s
2017-03-14 17:09:09,776 100957 INFO     [tempest.lib.common.rest_client] Request (TestVolumeBootPatternV2:test_volume_boot_pattern): 200 GET http://10.245.58.175:8776/v2/6721a6dfdd2a45d88bf243765d3c9517/volumes/a1c8eb7a-5eaa-437a-aedc-a7a1656c5fe1 0.251s
2017-03-14 17:09:11,217 100957 INFO     [tempest.lib.common.rest_client] Request (TestVolumeBootPatternV2:test_volume_boot_pattern): 200 GET http://10.245.58.175:8776/v2/6721a6dfdd2a45d88bf243765d3c9517/volumes/a1c8eb7a-5eaa-437a-aedc-a7a1656c5fe1 0.438s
2017-03-14 17:09:12,320 100957 INFO     [tempest.lib.common.rest_client] Request (TestVolumeBootPatternV2:test_volume_boot_pattern): 200 GET http://10.245.58.175:8776/v2/6721a6dfdd2a45d88bf243765d3c9517/volumes/a1c8eb7a-5eaa-437a-aedc-a7a1656c5fe1 0.100s
2017-03-14 17:09:13,412 100957 INFO     [tempest.lib.common.rest_client] Request (TestVolumeBootPatternV2:test_volume_boot_pattern): 200 GET http://10.245.58.175:8776/v2/6721a6dfdd2a45d88bf243765d3c9517/volumes/a1c8eb7a-5eaa-437a-aedc-a7a1656c5fe1 0.089s
2017-03-14 17:09:14,518 100957 INFO     [tempest.lib.common.rest_client] Request (TestVolumeBootPatternV2:test_volume_boot_pattern): 200 GET http://10.245.58.175:8776/v2/6721a6dfdd2a45d88bf243765d3c9517/volumes/a1c8eb7a-5eaa-437a-aedc-a7a1656c5fe1 0.103s
2017-03-14 17:09:15,744 100957 INFO     [tempest.lib.common.rest_client] Request (TestVolumeBootPatternV2:test_volume_boot_pattern): 200 GET http://10.245.58.175:8776/v2/6721a6dfdd2a45d88bf243765d3c9517/volumes/a1c8eb7a-5eaa-437a-aedc-a7a1656c5fe1 0.224s
2017-03-14 17:09:17,151 100957 INFO     [tempest.lib.common.rest_client] Request (TestVolumeBootPatternV2:test_volume_boot_pattern): 200 GET http://10.245.58.175:8776/v2/6721a6dfdd2a45d88bf243765d3c9517/volumes/a1c8eb7a-5eaa-437a-aedc-a7a1656c5fe1 0.404s
2017-03-14 17:09:18,236 100957 INFO     [tempest.lib.common.rest_client] Request (TestVolumeBootPatternV2:test_volume_boot_pattern): 200 GET http://10.245.58.175:8776/v2/6721a6dfdd2a45d88bf243765d3c9517/volumes/a1c8eb7a-5eaa-437a-aedc-a7a1656c5fe1 0.084s
2017-03-14 17:09:19,366 100957 INFO     [tempest.lib.common.rest_client] Request (TestVolumeBootPatternV2:test_volume_boot_pattern): 200 GET http://10.245.58.175:8776/v2/6721a6dfdd2a45d88bf243765d3c9517/volumes/a1c8eb7a-5eaa-437a-aedc-a7a1656c5fe1 0.127s
2017-03-14 17:09:20,452 100957 INFO     [tempest.lib.common.rest_client] Request (TestVolumeBootPatternV2:test_volume_boot_pattern): 200 GET http://10.245.58.175:8776/v2/6721a6dfdd2a45d88bf243765d3c9517/volumes/a1c8eb7a-5eaa-437a-aedc-a7a1656c5fe1 0.084s
2017-03-14 17:09:21,540 100957 INFO     [tempest.lib.common.rest_client] Request (TestVolumeBootPatternV2:test_volume_boot_pattern): 200 GET http://10.245.58.175:8776/v2/6721a6dfdd2a45d88bf243765d3c9517/volumes/a1c8eb7a-5eaa-437a-aedc-a7a1656c5fe1 0.085s
2017-03-14 17:09:22,645 100957 INFO     [tempest.lib.common.rest_client] Request (TestVolumeBootPatternV2:test_volume_boot_pattern): 200 GET http://10.245.58.175:8776/v2/6721a6dfdd2a45d88bf243765d3c9517/volumes/a1c8eb7a-5eaa-437a-aedc-a7a1656c5fe1 0.103s
2017-03-14 17:09:23,735 100957 INFO     [tempest.lib.common.rest_client] Request (TestVolumeBootPatternV2:test_volume_boot_pattern): 200 GET http://10.245.58.175:8776/v2/6721a6dfdd2a45d88bf243765d3c9517/volumes/a1c8eb7a-5eaa-437a-aedc-a7a1656c5fe1 0.088s
2017-03-14 17:09:24,834 100957 INFO     [tempest.lib.common.rest_client] Request (TestVolumeBootPatternV2:test_volume_boot_pattern): 200 GET http://10.245.58.175:8776/v2/6721a6dfdd2a45d88bf243765d3c9517/volumes/a1c8eb7a-5eaa-437a-aedc-a7a1656c5fe1 0.096s
2017-03-14 17:09:25,933 100957 INFO     [tempest.lib.common.rest_client] Request (TestVolumeBootPatternV2:test_volume_boot_pattern): 200 GET http://10.245.58.175:8776/v2/6721a6dfdd2a45d88bf243765d3c9517/volumes/a1c8eb7a-5eaa-437a-aedc-a7a1656c5fe1 0.097s
2017-03-14 17:09:27,017 100957 INFO     [tempest.lib.common.rest_client] Request (TestVolumeBootPatternV2:test_volume_boot_pattern): 200 GET http://10.245.58.175:8776/v2/6721a6dfdd2a45d88bf243765d3c9517/volumes/a1c8eb7a-5eaa-437a-aedc-a7a1656c5fe1 0.082s
2017-03-14 17:09:28,103 100957 INFO     [tempest.lib.common.rest_client] Request (TestVolumeBootPatternV2:test_volume_boot_pattern): 200 GET http://10.245.58.175:8776/v2/6721a6dfdd2a45d88bf243765d3c9517/volumes/a1c8eb7a-5eaa-437a-aedc-a7a1656c5fe1 0.083s
2017-03-14 17:09:29,193 100957 INFO     [tempest.lib.common.rest_client] Request (TestVolumeBootPatternV2:test_volume_boot_pattern): 200 GET http://10.245.58.175:8776/v2/6721a6dfdd2a45d88bf243765d3c9517/volumes/a1c8eb7a-5eaa-437a-aedc-a7a1656c5fe1 0.087s
2017-03-14 17:09:30,348 100957 INFO     [tempest.lib.common.rest_client] Request (TestVolumeBootPatternV2:test_volume_boot_pattern): 200 GET http://10.245.58.175:8776/v2/6721a6dfdd2a45d88bf243765d3c9517/volumes/a1c8eb7a-5eaa-437a-aedc-a7a1656c5fe1 0.152s
2017-03-14 17:09:31,441 100957 INFO     [tempest.lib.common.rest_client] Request (TestVolumeBootPatternV2:test_volume_boot_pattern): 200 GET http://10.245.58.175:8776/v2/6721a6dfdd2a45d88bf243765d3c9517/volumes/a1c8eb7a-5eaa-437a-aedc-a7a1656c5fe1 0.091s
2017-03-14 17:09:32,570 100957 INFO     [tempest.lib.common.rest_client] Request (TestVolumeBootPatternV2:test_volume_boot_pattern): 200 GET http://10.245.58.175:8776/v2/6721a6dfdd2a45d88bf243765d3c9517/volumes/a1c8eb7a-5eaa-437a-aedc-a7a1656c5fe1 0.126s
2017-03-14 17:09:33,710 100957 INFO     [tempest.lib.common.rest_client] Request (TestVolumeBootPatternV2:test_volume_boot_pattern): 200 GET http://10.245.58.175:8776/v2/6721a6dfdd2a45d88bf243765d3c9517/volumes/a1c8eb7a-5eaa-437a-aedc-a7a1656c5fe1 0.138s
2017-03-14 17:09:34,837 100957 INFO     [tempest.lib.common.rest_client] Request (TestVolumeBootPatternV2:test_volume_boot_pattern): 200 GET http://10.245.58.175:8776/v2/6721a6dfdd2a45d88bf243765d3c9517/volumes/a1c8eb7a-5eaa-437a-aedc-a7a1656c5fe1 0.125s
2017-03-14 17:09:35,952 100957 INFO     [tempest.lib.common.rest_client] Request (TestVolumeBootPatternV2:test_volume_boot_pattern): 200 GET http://10.245.58.175:8776/v2/6721a6dfdd2a45d88bf243765d3c9517/volumes/a1c8eb7a-5eaa-437a-aedc-a7a1656c5fe1 0.112s
2017-03-14 17:09:37,054 100957 INFO     [tempest.lib.common.rest_client] Request (TestVolumeBootPatternV2:test_volume_boot_pattern): 200 GET http://10.245.58.175:8776/v2/6721a6dfdd2a45d88bf243765d3c9517/volumes/a1c8eb7a-5eaa-437a-aedc-a7a1656c5fe1 0.100s
2017-03-14 17:09:38,174 100957 INFO     [tempest.lib.common.rest_client] Request (TestVolumeBootPatternV2:test_volume_boot_pattern): 200 GET http://10.245.58.175:8776/v2/6721a6dfdd2a45d88bf243765d3c9517/volumes/a1c8eb7a-5eaa-437a-aedc-a7a1656c5fe1 0.118s
2017-03-14 17:09:39,276 100957 INFO     [tempest.lib.common.rest_client] Request (TestVolumeBootPatternV2:test_volume_boot_pattern): 200 GET http://10.245.58.175:8776/v2/6721a6dfdd2a45d88bf243765d3c9517/volumes/a1c8eb7a-5eaa-437a-aedc-a7a1656c5fe1 0.100s
2017-03-14 17:09:40,415 100957 INFO     [tempest.lib.common.rest_client] Request (TestVolumeBootPatternV2:test_volume_boot_pattern): 200 GET http://10.245.58.175:8776/v2/6721a6dfdd2a45d88bf243765d3c9517/volumes/a1c8eb7a-5eaa-437a-aedc-a7a1656c5fe1 0.136s
2017-03-14 17:09:40,515 100957 INFO     [tempest.lib.common.rest_client] Request (TestVolumeBootPatternV2:test_volume_boot_pattern): 200 GET http://10.245.58.175:8776/v2/6721a6dfdd2a45d88bf243765d3c9517/volumes/a1c8eb7a-5eaa-437a-aedc-a7a1656c5fe1 0.099s
2017-03-14 17:09:40,872 100957 INFO     [tempest.lib.common.rest_client] Request (TestVolumeBootPatternV2:test_volume_boot_pattern): 200 POST http://10.245.2.192:5000/v2.0/tokens
2017-03-14 17:09:40,873 100957 INFO     [tempest.common.fixed_network] (TestVolumeBootPatternV2:test_volume_boot_pattern) Found network {'provider:network_type': 'gre', 'admin_state_up': True, 'tenant_id': '6721a6dfdd2a45d88bf243765d3c9517', 'shared': False, 'router:external': False, 'project_id': '6721a6dfdd2a45d88bf243765d3c9517', 'tags': [], 'status': 'ACTIVE', 'availability_zones': [], 'subnets': [], 'provider:physical_network': None, 'created_at': '2017-03-14T17:08:27Z', 'availability_zone_hints': [], 'description': '', 'id': '7f1bb28e-c376-4260-8bf3-a75c533fda69', 'name': 'tempest-TestVolumeBootPatternV2-1864083148-network', 'mtu': 1458, 'ipv4_address_scope': None, 'updated_at': '2017-03-14T17:08:28Z', 'provider:segmentation_id': 47, 'revision_number': 2, 'ipv6_address_scope': None} available for tenant
2017-03-14 17:09:43,571 100957 INFO     [tempest.lib.common.rest_client] Request (TestVolumeBootPatternV2:test_volume_boot_pattern): 202 POST http://10.245.2.216:8774/v2/6721a6dfdd2a45d88bf243765d3c9517/servers 2.696s
2017-03-14 17:09:43,718 100957 INFO     [tempest.lib.common.rest_client] Request (TestVolumeBootPatternV2:test_volume_boot_pattern): 200 GET http://10.245.2.216:8774/v2/6721a6dfdd2a45d88bf243765d3c9517/servers/129c8541-73d7-4fa1-8ef8-9ddd1b820f15 0.145s
2017-03-14 17:09:44,966 100957 INFO     [tempest.lib.common.rest_client] Request (TestVolumeBootPatternV2:test_volume_boot_pattern): 200 GET http://10.245.2.216:8774/v2/6721a6dfdd2a45d88bf243765d3c9517/servers/129c8541-73d7-4fa1-8ef8-9ddd1b820f15 0.240s
2017-03-14 17:09:44,973 100957 INFO     [tempest.common.waiters] State transition "BUILD/scheduling" ==> "BUILD/None" after 1 second wait
2017-03-14 17:09:46,207 100957 INFO     [tempest.lib.common.rest_client] Request (TestVolumeBootPatternV2:test_volume_boot_pattern): 200 GET http://10.245.2.216:8774/v2/6721a6dfdd2a45d88bf243765d3c9517/servers/129c8541-73d7-4fa1-8ef8-9ddd1b820f15 0.232s
2017-03-14 17:09:46,216 100957 INFO     [tempest.common.waiters] State transition "BUILD/None" ==> "BUILD/networking" after 3 second wait
2017-03-14 17:09:47,505 100957 INFO     [tempest.lib.common.rest_client] Request (TestVolumeBootPatternV2:test_volume_boot_pattern): 200 GET http://10.245.2.216:8774/v2/6721a6dfdd2a45d88bf243765d3c9517/servers/129c8541-73d7-4fa1-8ef8-9ddd1b820f15 0.287s
2017-03-14 17:09:47,513 100957 INFO     [tempest.common.waiters] State transition "BUILD/networking" ==> "BUILD/block_device_mapping" after 4 second wait
2017-03-14 17:09:48,790 100957 INFO     [tempest.lib.common.rest_client] Request (TestVolumeBootPatternV2:test_volume_boot_pattern): 200 GET http://10.245.2.216:8774/v2/6721a6dfdd2a45d88bf243765d3c9517/servers/129c8541-73d7-4fa1-8ef8-9ddd1b820f15 0.275s
2017-03-14 17:09:50,148 100957 INFO     [tempest.lib.common.rest_client] Request (TestVolumeBootPatternV2:test_volume_boot_pattern): 200 GET http://10.245.2.216:8774/v2/6721a6dfdd2a45d88bf243765d3c9517/servers/129c8541-73d7-4fa1-8ef8-9ddd1b820f15 0.349s
2017-03-14 17:09:51,532 100957 INFO     [tempest.lib.common.rest_client] Request (TestVolumeBootPatternV2:test_volume_boot_pattern): 200 GET http://10.245.2.216:8774/v2/6721a6dfdd2a45d88bf243765d3c9517/servers/129c8541-73d7-4fa1-8ef8-9ddd1b820f15 0.372s
2017-03-14 17:09:51,539 100957 INFO     [tempest.common.waiters] State transition "BUILD/block_device_mapping" ==> "BUILD/spawning" after 8 second wait
2017-03-14 17:09:52,800 100957 INFO     [tempest.lib.common.rest_client] Request (TestVolumeBootPatternV2:test_volume_boot_pattern): 200 GET http://10.245.2.216:8774/v2/6721a6dfdd2a45d88bf243765d3c9517/servers/129c8541-73d7-4fa1-8ef8-9ddd1b820f15 0.259s
2017-03-14 17:09:54,118 100957 INFO     [tempest.lib.common.rest_client] Request (TestVolumeBootPatternV2:test_volume_boot_pattern): 200 GET http://10.245.2.216:8774/v2/6721a6dfdd2a45d88bf243765d3c9517/servers/129c8541-73d7-4fa1-8ef8-9ddd1b820f15 0.310s
2017-03-14 17:09:55,404 100957 INFO     [tempest.lib.common.rest_client] Request (TestVolumeBootPatternV2:test_volume_boot_pattern): 200 GET http://10.245.2.216:8774/v2/6721a6dfdd2a45d88bf243765d3c9517/servers/129c8541-73d7-4fa1-8ef8-9ddd1b820f15 0.277s
2017-03-14 17:09:56,805 100957 INFO     [tempest.lib.common.rest_client] Request (TestVolumeBootPatternV2:test_volume_boot_pattern): 200 GET http://10.245.2.216:8774/v2/6721a6dfdd2a45d88bf243765d3c9517/servers/129c8541-73d7-4fa1-8ef8-9ddd1b820f15 0.392s
2017-03-14 17:09:58,083 100957 INFO     [tempest.lib.common.rest_client] Request (TestVolumeBootPatternV2:test_volume_boot_pattern): 200 GET http://10.245.2.216:8774/v2/6721a6dfdd2a45d88bf243765d3c9517/servers/129c8541-73d7-4fa1-8ef8-9ddd1b820f15 0.270s
2017-03-14 17:09:59,625 100957 INFO     [tempest.lib.common.rest_client] Request (TestVolumeBootPatternV2:test_volume_boot_pattern): 200 GET http://10.245.2.216:8774/v2/6721a6dfdd2a45d88bf243765d3c9517/servers/129c8541-73d7-4fa1-8ef8-9ddd1b820f15 0.528s
2017-03-14 17:10:00,891 100957 INFO     [tempest.lib.common.rest_client] Request (TestVolumeBootPatternV2:test_volume_boot_pattern): 200 GET http://10.245.2.216:8774/v2/6721a6dfdd2a45d88bf243765d3c9517/servers/129c8541-73d7-4fa1-8ef8-9ddd1b820f15 0.257s
2017-03-14 17:10:02,238 100957 INFO     [tempest.lib.common.rest_client] Request (TestVolumeBootPatternV2:test_volume_boot_pattern): 200 GET http://10.245.2.216:8774/v2/6721a6dfdd2a45d88bf243765d3c9517/servers/129c8541-73d7-4fa1-8ef8-9ddd1b820f15 0.338s
2017-03-14 17:10:02,246 100957 INFO     [tempest.common.waiters] State transition "BUILD/spawning" ==> "ACTIVE/None" after 19 second wait
2017-03-14 17:10:02,496 100957 INFO     [tempest.lib.common.rest_client] Request (TestVolumeBootPatternV2:test_volume_boot_pattern): 200 GET http://10.245.2.216:8774/v2/6721a6dfdd2a45d88bf243765d3c9517/servers/129c8541-73d7-4fa1-8ef8-9ddd1b820f15 0.248s
2017-03-14 17:10:02,508 100957 INFO     [tempest.scenario.test_volume_boot_pattern] Booted first instance: {'accessIPv4': '', 'progress': 0, 'OS-SRV-USG:terminated_at': None, 'tenant_id': '6721a6dfdd2a45d88bf243765d3c9517', 'created': '2017-03-14T17:09:43Z', 'addresses': {'tempest-TestVolumeBootPatternV2-1864083148-network': [{'OS-EXT-IPS-MAC:mac_addr': 'fa:16:3e:47:77:d3', 'version': 4, 'OS-EXT-IPS:type': 'fixed', 'addr': '192.168.21.4'}]}, 'flavor': {'links': [{'rel': 'bookmark', 'href': 'http://10.245.2.216:8774/6721a6dfdd2a45d88bf243765d3c9517/flavors/db0b353c-a4ab-458f-a424-7b90e66297c8'}], 'id': 'db0b353c-a4ab-458f-a424-7b90e66297c8'}, 'image': '', 'accessIPv6': '', 'OS-EXT-STS:task_state': None, 'security_groups': [{'name': 'tempest-TestVolumeBootPatternV2-1469315194'}], 'metadata': {}, 'status': 'ACTIVE', 'key_name': 'tempest-TestVolumeBootPatternV2-1543318439', 'updated': '2017-03-14T17:10:01Z', 'OS-EXT-STS:vm_state': 'active', 'OS-EXT-STS:power_state': 1, 'OS-EXT-AZ:availability_zone': 'cloudzone1', 'user_id': '9b711400509c4d8dbc5bfb19eb46e18e', 'links': [{'rel': 'self', 'href': 'http://10.245.2.216:8774/v2/6721a6dfdd2a45d88bf243765d3c9517/servers/129c8541-73d7-4fa1-8ef8-9ddd1b820f15'}, {'rel': 'bookmark', 'href': 'http://10.245.2.216:8774/6721a6dfdd2a45d88bf243765d3c9517/servers/129c8541-73d7-4fa1-8ef8-9ddd1b820f15'}], 'id': '129c8541-73d7-4fa1-8ef8-9ddd1b820f15', 'name': 'tempest-TestVolumeBootPatternV2-server-312749733', 'OS-SRV-USG:launched_at': '2017-03-14T17:10:00.000000', 'config_drive': '', 'hostId': '66e32d356ba65ded68028b791c789711569441163bb8581935186e0a', 'OS-DCF:diskConfig': 'MANUAL', 'os-extended-volumes:volumes_attached': [{'id': 'a1c8eb7a-5eaa-437a-aedc-a7a1656c5fe1'}]}
2017-03-14 17:10:02,509 100957 INFO     [tempest.scenario.test_volume_boot_pattern] Setting timestamp in instance {'accessIPv4': '', 'progress': 0, 'OS-SRV-USG:terminated_at': None, 'tenant_id': '6721a6dfdd2a45d88bf243765d3c9517', 'created': '2017-03-14T17:09:43Z', 'addresses': {'tempest-TestVolumeBootPatternV2-1864083148-network': [{'OS-EXT-IPS-MAC:mac_addr': 'fa:16:3e:47:77:d3', 'version': 4, 'OS-EXT-IPS:type': 'fixed', 'addr': '192.168.21.4'}]}, 'flavor': {'links': [{'rel': 'bookmark', 'href': 'http://10.245.2.216:8774/6721a6dfdd2a45d88bf243765d3c9517/flavors/db0b353c-a4ab-458f-a424-7b90e66297c8'}], 'id': 'db0b353c-a4ab-458f-a424-7b90e66297c8'}, 'image': '', 'accessIPv6': '', 'OS-EXT-STS:task_state': None, 'security_groups': [{'name': 'tempest-TestVolumeBootPatternV2-1469315194'}], 'metadata': {}, 'status': 'ACTIVE', 'key_name': 'tempest-TestVolumeBootPatternV2-1543318439', 'updated': '2017-03-14T17:10:01Z', 'OS-EXT-STS:vm_state': 'active', 'OS-EXT-STS:power_state': 1, 'OS-EXT-AZ:availability_zone': 'cloudzone1', 'user_id': '9b711400509c4d8dbc5bfb19eb46e18e', 'links': [{'rel': 'self', 'href': 'http://10.245.2.216:8774/v2/6721a6dfdd2a45d88bf243765d3c9517/servers/129c8541-73d7-4fa1-8ef8-9ddd1b820f15'}, {'rel': 'bookmark', 'href': 'http://10.245.2.216:8774/6721a6dfdd2a45d88bf243765d3c9517/servers/129c8541-73d7-4fa1-8ef8-9ddd1b820f15'}], 'id': '129c8541-73d7-4fa1-8ef8-9ddd1b820f15', 'name': 'tempest-TestVolumeBootPatternV2-server-312749733', 'OS-SRV-USG:launched_at': '2017-03-14T17:10:00.000000', 'config_drive': '', 'hostId': '66e32d356ba65ded68028b791c789711569441163bb8581935186e0a', 'OS-DCF:diskConfig': 'MANUAL', 'os-extended-volumes:volumes_attached': [{'id': 'a1c8eb7a-5eaa-437a-aedc-a7a1656c5fe1'}]}
2017-03-14 17:10:04,145 100957 INFO     [tempest.lib.common.rest_client] Request (TestVolumeBootPatternV2:test_volume_boot_pattern): 200 POST http://10.245.2.216:8774/v2/6721a6dfdd2a45d88bf243765d3c9517/os-floating-ips 1.636s
2017-03-14 17:10:06,352 100957 INFO     [tempest.lib.common.rest_client] Request (TestVolumeBootPatternV2:test_volume_boot_pattern): 202 POST http://10.245.2.216:8774/v2/6721a6dfdd2a45d88bf243765d3c9517/servers/129c8541-73d7-4fa1-8ef8-9ddd1b820f15/action 2.204s
2017-03-14 17:10:06,499 100957 INFO     [tempest.lib.common.ssh] Creating ssh connection to '10.245.52.80:22' as 'ubuntu' with public key authentication
2017-03-14 17:10:09,496 100957 WARNING  [tempest.lib.common.ssh] Failed to establish authenticated ssh connection to ubuntu@10.245.52.80 ([Errno None] Unable to connect to port 22 on 10.245.52.80). Number attempts: 1. Retry after 2 seconds.
2017-03-14 17:10:14,494 100957 WARNING  [tempest.lib.common.ssh] Failed to establish authenticated ssh connection to ubuntu@10.245.52.80 ([Errno None] Unable to connect to port 22 on 10.245.52.80). Number attempts: 2. Retry after 3 seconds.
2017-03-14 17:10:17,997 100957 WARNING  [tempest.lib.common.ssh] Failed to establish authenticated ssh connection to ubuntu@10.245.52.80 ([Errno None] Unable to connect to port 22 on 10.245.52.80). Number attempts: 3. Retry after 4 seconds.
2017-03-14 17:10:22,501 100957 WARNING  [tempest.lib.common.ssh] Failed to establish authenticated ssh connection to ubuntu@10.245.52.80 ([Errno None] Unable to connect to port 22 on 10.245.52.80). Number attempts: 4. Retry after 5 seconds.
2017-03-14 17:10:28,006 100957 WARNING  [tempest.lib.common.ssh] Failed to establish authenticated ssh connection to ubuntu@10.245.52.80 ([Errno None] Unable to connect to port 22 on 10.245.52.80). Number attempts: 5. Retry after 6 seconds.
2017-03-14 17:10:34,513 100957 WARNING  [tempest.lib.common.ssh] Failed to establish authenticated ssh connection to ubuntu@10.245.52.80 ([Errno None] Unable to connect to port 22 on 10.245.52.80). Number attempts: 6. Retry after 7 seconds.
2017-03-14 17:10:42,021 100957 WARNING  [tempest.lib.common.ssh] Failed to establish authenticated ssh connection to ubuntu@10.245.52.80 ([Errno None] Unable to connect to port 22 on 10.245.52.80). Number attempts: 7. Retry after 8 seconds.
2017-03-14 17:10:50,533 100957 WARNING  [tempest.lib.common.ssh] Failed to establish authenticated ssh connection to ubuntu@10.245.52.80 ([Errno None] Unable to connect to port 22 on 10.245.52.80). Number attempts: 8. Retry after 9 seconds.
2017-03-14 17:11:00,056 100957 INFO     [paramiko.transport] Connected (version 2.0, client OpenSSH_7.2p2)
2017-03-14 17:11:00,221 100957 INFO     [paramiko.transport] Authentication (publickey) successful!
2017-03-14 17:11:00,222 100957 INFO     [tempest.lib.common.ssh] ssh connection to ubuntu@10.245.52.80 successfully created
2017-03-14 17:11:00,223 100957 INFO     [tempest.lib.common.ssh] Creating ssh connection to '10.245.52.80:22' as 'ubuntu' with public key authentication
2017-03-14 17:11:00,264 100957 INFO     [paramiko.transport] Connected (version 2.0, client OpenSSH_7.2p2)
2017-03-14 17:11:00,394 100957 INFO     [paramiko.transport] Authentication (publickey) successful!
2017-03-14 17:11:00,395 100957 INFO     [tempest.lib.common.ssh] ssh connection to ubuntu@10.245.52.80 successfully created
2017-03-14 17:11:00,930 100957 INFO     [tempest.lib.common.ssh] Creating ssh connection to '10.245.52.80:22' as 'ubuntu' with public key authentication
2017-03-14 17:11:00,943 100957 INFO     [paramiko.transport] Connected (version 2.0, client OpenSSH_7.2p2)
2017-03-14 17:11:01,053 100957 INFO     [paramiko.transport] Authentication (publickey) successful!
2017-03-14 17:11:01,053 100957 INFO     [tempest.lib.common.ssh] ssh connection to ubuntu@10.245.52.80 successfully created
2017-03-14 17:11:01,395 100957 INFO     [tempest.scenario.test_volume_boot_pattern] Deleting first instance: {'accessIPv4': '', 'progress': 0, 'OS-SRV-USG:terminated_at': None, 'tenant_id': '6721a6dfdd2a45d88bf243765d3c9517', 'created': '2017-03-14T17:09:43Z', 'addresses': {'tempest-TestVolumeBootPatternV2-1864083148-network': [{'OS-EXT-IPS-MAC:mac_addr': 'fa:16:3e:47:77:d3', 'version': 4, 'OS-EXT-IPS:type': 'fixed', 'addr': '192.168.21.4'}]}, 'flavor': {'links': [{'rel': 'bookmark', 'href': 'http://10.245.2.216:8774/6721a6dfdd2a45d88bf243765d3c9517/flavors/db0b353c-a4ab-458f-a424-7b90e66297c8'}], 'id': 'db0b353c-a4ab-458f-a424-7b90e66297c8'}, 'image': '', 'accessIPv6': '', 'OS-EXT-STS:task_state': None, 'security_groups': [{'name': 'tempest-TestVolumeBootPatternV2-1469315194'}], 'metadata': {}, 'status': 'ACTIVE', 'key_name': 'tempest-TestVolumeBootPatternV2-1543318439', 'updated': '2017-03-14T17:10:01Z', 'OS-EXT-STS:vm_state': 'active', 'OS-EXT-STS:power_state': 1, 'OS-EXT-AZ:availability_zone': 'cloudzone1', 'user_id': '9b711400509c4d8dbc5bfb19eb46e18e', 'links': [{'rel': 'self', 'href': 'http://10.245.2.216:8774/v2/6721a6dfdd2a45d88bf243765d3c9517/servers/129c8541-73d7-4fa1-8ef8-9ddd1b820f15'}, {'rel': 'bookmark', 'href': 'http://10.245.2.216:8774/6721a6dfdd2a45d88bf243765d3c9517/servers/129c8541-73d7-4fa1-8ef8-9ddd1b820f15'}], 'id': '129c8541-73d7-4fa1-8ef8-9ddd1b820f15', 'name': 'tempest-TestVolumeBootPatternV2-server-312749733', 'OS-SRV-USG:launched_at': '2017-03-14T17:10:00.000000', 'config_drive': '', 'hostId': '66e32d356ba65ded68028b791c789711569441163bb8581935186e0a', 'OS-DCF:diskConfig': 'MANUAL', 'os-extended-volumes:volumes_attached': [{'id': 'a1c8eb7a-5eaa-437a-aedc-a7a1656c5fe1'}]}
2017-03-14 17:11:01,971 100957 INFO     [tempest.lib.common.rest_client] Request (TestVolumeBootPatternV2:test_volume_boot_pattern): 204 DELETE http://10.245.2.216:8774/v2/6721a6dfdd2a45d88bf243765d3c9517/servers/129c8541-73d7-4fa1-8ef8-9ddd1b820f15 0.574s
2017-03-14 17:11:02,217 100957 INFO     [tempest.lib.common.rest_client] Request (TestVolumeBootPatternV2:test_volume_boot_pattern): 200 GET http://10.245.2.216:8774/v2/6721a6dfdd2a45d88bf243765d3c9517/servers/129c8541-73d7-4fa1-8ef8-9ddd1b820f15 0.245s
2017-03-14 17:11:03,465 100957 INFO     [tempest.lib.common.rest_client] Request (TestVolumeBootPatternV2:test_volume_boot_pattern): 200 GET http://10.245.2.216:8774/v2/6721a6dfdd2a45d88bf243765d3c9517/servers/129c8541-73d7-4fa1-8ef8-9ddd1b820f15 0.236s
2017-03-14 17:11:04,735 100957 INFO     [tempest.lib.common.rest_client] Request (TestVolumeBootPatternV2:test_volume_boot_pattern): 200 GET http://10.245.2.216:8774/v2/6721a6dfdd2a45d88bf243765d3c9517/servers/129c8541-73d7-4fa1-8ef8-9ddd1b820f15 0.258s
2017-03-14 17:11:06,093 100957 INFO     [tempest.lib.common.rest_client] Request (TestVolumeBootPatternV2:test_volume_boot_pattern): 404 GET http://10.245.2.216:8774/v2/6721a6dfdd2a45d88bf243765d3c9517/servers/129c8541-73d7-4fa1-8ef8-9ddd1b820f15 0.349s
2017-03-14 17:11:06,346 100957 INFO     [tempest.lib.common.rest_client] Request (TestVolumeBootPatternV2:test_volume_boot_pattern): 200 POST http://10.245.2.192:5000/v2.0/tokens
2017-03-14 17:11:06,347 100957 INFO     [tempest.common.fixed_network] (TestVolumeBootPatternV2:test_volume_boot_pattern) Found network {'provider:network_type': 'gre', 'admin_state_up': True, 'tenant_id': '6721a6dfdd2a45d88bf243765d3c9517', 'shared': False, 'router:external': False, 'project_id': '6721a6dfdd2a45d88bf243765d3c9517', 'tags': [], 'status': 'ACTIVE', 'availability_zones': [], 'subnets': [], 'provider:physical_network': None, 'created_at': '2017-03-14T17:08:27Z', 'availability_zone_hints': [], 'description': '', 'id': '7f1bb28e-c376-4260-8bf3-a75c533fda69', 'name': 'tempest-TestVolumeBootPatternV2-1864083148-network', 'mtu': 1458, 'ipv4_address_scope': None, 'updated_at': '2017-03-14T17:08:28Z', 'provider:segmentation_id': 47, 'revision_number': 2, 'ipv6_address_scope': None} available for tenant
2017-03-14 17:11:07,975 100957 INFO     [tempest.lib.common.rest_client] Request (TestVolumeBootPatternV2:test_volume_boot_pattern): 202 POST http://10.245.2.216:8774/v2/6721a6dfdd2a45d88bf243765d3c9517/servers 1.626s
2017-03-14 17:11:08,098 100957 INFO     [tempest.lib.common.rest_client] Request (TestVolumeBootPatternV2:test_volume_boot_pattern): 200 GET http://10.245.2.216:8774/v2/6721a6dfdd2a45d88bf243765d3c9517/servers/b3f5ac43-dc10-4991-a1c8-e654be8cee7e 0.119s
2017-03-14 17:11:09,397 100957 INFO     [tempest.lib.common.rest_client] Request (TestVolumeBootPatternV2:test_volume_boot_pattern): 200 GET http://10.245.2.216:8774/v2/6721a6dfdd2a45d88bf243765d3c9517/servers/b3f5ac43-dc10-4991-a1c8-e654be8cee7e 0.290s
2017-03-14 17:11:09,408 100957 INFO     [tempest.common.waiters] State transition "BUILD/scheduling" ==> "BUILD/None" after 1 second wait
2017-03-14 17:11:10,598 100957 INFO     [tempest.lib.common.rest_client] Request (TestVolumeBootPatternV2:test_volume_boot_pattern): 200 GET http://10.245.2.216:8774/v2/6721a6dfdd2a45d88bf243765d3c9517/servers/b3f5ac43-dc10-4991-a1c8-e654be8cee7e 0.189s
2017-03-14 17:11:10,605 100957 INFO     [tempest.common.waiters] State transition "BUILD/None" ==> "BUILD/block_device_mapping" after 2 second wait
2017-03-14 17:11:11,991 100957 INFO     [tempest.lib.common.rest_client] Request (TestVolumeBootPatternV2:test_volume_boot_pattern): 200 GET http://10.245.2.216:8774/v2/6721a6dfdd2a45d88bf243765d3c9517/servers/b3f5ac43-dc10-4991-a1c8-e654be8cee7e 0.383s
2017-03-14 17:11:13,252 100957 INFO     [tempest.lib.common.rest_client] Request (TestVolumeBootPatternV2:test_volume_boot_pattern): 200 GET http://10.245.2.216:8774/v2/6721a6dfdd2a45d88bf243765d3c9517/servers/b3f5ac43-dc10-4991-a1c8-e654be8cee7e 0.253s
2017-03-14 17:11:13,261 100957 INFO     [tempest.common.waiters] State transition "BUILD/block_device_mapping" ==> "BUILD/spawning" after 5 second wait
2017-03-14 17:11:14,513 100957 INFO     [tempest.lib.common.rest_client] Request (TestVolumeBootPatternV2:test_volume_boot_pattern): 200 GET http://10.245.2.216:8774/v2/6721a6dfdd2a45d88bf243765d3c9517/servers/b3f5ac43-dc10-4991-a1c8-e654be8cee7e 0.249s
2017-03-14 17:11:15,770 100957 INFO     [tempest.lib.common.rest_client] Request (TestVolumeBootPatternV2:test_volume_boot_pattern): 200 GET http://10.245.2.216:8774/v2/6721a6dfdd2a45d88bf243765d3c9517/servers/b3f5ac43-dc10-4991-a1c8-e654be8cee7e 0.250s
2017-03-14 17:11:17,046 100957 INFO     [tempest.lib.common.rest_client] Request (TestVolumeBootPatternV2:test_volume_boot_pattern): 200 GET http://10.245.2.216:8774/v2/6721a6dfdd2a45d88bf243765d3c9517/servers/b3f5ac43-dc10-4991-a1c8-e654be8cee7e 0.267s
2017-03-14 17:11:18,461 100957 INFO     [tempest.lib.common.rest_client] Request (TestVolumeBootPatternV2:test_volume_boot_pattern): 200 GET http://10.245.2.216:8774/v2/6721a6dfdd2a45d88bf243765d3c9517/servers/b3f5ac43-dc10-4991-a1c8-e654be8cee7e 0.407s
2017-03-14 17:11:19,708 100957 INFO     [tempest.lib.common.rest_client] Request (TestVolumeBootPatternV2:test_volume_boot_pattern): 200 GET http://10.245.2.216:8774/v2/6721a6dfdd2a45d88bf243765d3c9517/servers/b3f5ac43-dc10-4991-a1c8-e654be8cee7e 0.235s
2017-03-14 17:11:20,974 100957 INFO     [tempest.lib.common.rest_client] Request (TestVolumeBootPatternV2:test_volume_boot_pattern): 200 GET http://10.245.2.216:8774/v2/6721a6dfdd2a45d88bf243765d3c9517/servers/b3f5ac43-dc10-4991-a1c8-e654be8cee7e 0.258s
2017-03-14 17:11:22,253 100957 INFO     [tempest.lib.common.rest_client] Request (TestVolumeBootPatternV2:test_volume_boot_pattern): 200 GET http://10.245.2.216:8774/v2/6721a6dfdd2a45d88bf243765d3c9517/servers/b3f5ac43-dc10-4991-a1c8-e654be8cee7e 0.270s
2017-03-14 17:11:23,519 100957 INFO     [tempest.lib.common.rest_client] Request (TestVolumeBootPatternV2:test_volume_boot_pattern): 200 GET http://10.245.2.216:8774/v2/6721a6dfdd2a45d88bf243765d3c9517/servers/b3f5ac43-dc10-4991-a1c8-e654be8cee7e 0.258s
2017-03-14 17:11:24,801 100957 INFO     [tempest.lib.common.rest_client] Request (TestVolumeBootPatternV2:test_volume_boot_pattern): 200 GET http://10.245.2.216:8774/v2/6721a6dfdd2a45d88bf243765d3c9517/servers/b3f5ac43-dc10-4991-a1c8-e654be8cee7e 0.273s
2017-03-14 17:11:24,810 100957 INFO     [tempest.common.waiters] State transition "BUILD/spawning" ==> "ACTIVE/None" after 16 second wait
2017-03-14 17:11:25,295 100957 INFO     [tempest.lib.common.rest_client] Request (TestVolumeBootPatternV2:test_volume_boot_pattern): 200 GET http://10.245.2.216:8774/v2/6721a6dfdd2a45d88bf243765d3c9517/servers/b3f5ac43-dc10-4991-a1c8-e654be8cee7e 0.484s
2017-03-14 17:11:25,304 100957 INFO     [tempest.scenario.test_volume_boot_pattern] Booted second instance {'accessIPv4': '', 'progress': 0, 'OS-SRV-USG:terminated_at': None, 'tenant_id': '6721a6dfdd2a45d88bf243765d3c9517', 'created': '2017-03-14T17:11:07Z', 'addresses': {'tempest-TestVolumeBootPatternV2-1864083148-network': [{'OS-EXT-IPS-MAC:mac_addr': 'fa:16:3e:11:4d:db', 'version': 4, 'OS-EXT-IPS:type': 'fixed', 'addr': '192.168.21.9'}]}, 'flavor': {'links': [{'rel': 'bookmark', 'href': 'http://10.245.2.216:8774/6721a6dfdd2a45d88bf243765d3c9517/flavors/db0b353c-a4ab-458f-a424-7b90e66297c8'}], 'id': 'db0b353c-a4ab-458f-a424-7b90e66297c8'}, 'image': '', 'accessIPv6': '', 'OS-EXT-STS:task_state': None, 'security_groups': [{'name': 'tempest-TestVolumeBootPatternV2-1469315194'}], 'metadata': {}, 'status': 'ACTIVE', 'key_name': 'tempest-TestVolumeBootPatternV2-1543318439', 'updated': '2017-03-14T17:11:24Z', 'OS-EXT-STS:vm_state': 'active', 'OS-EXT-STS:power_state': 1, 'OS-EXT-AZ:availability_zone': 'cloudzone1', 'user_id': '9b711400509c4d8dbc5bfb19eb46e18e', 'links': [{'rel': 'self', 'href': 'http://10.245.2.216:8774/v2/6721a6dfdd2a45d88bf243765d3c9517/servers/b3f5ac43-dc10-4991-a1c8-e654be8cee7e'}, {'rel': 'bookmark', 'href': 'http://10.245.2.216:8774/6721a6dfdd2a45d88bf243765d3c9517/servers/b3f5ac43-dc10-4991-a1c8-e654be8cee7e'}], 'id': 'b3f5ac43-dc10-4991-a1c8-e654be8cee7e', 'name': 'tempest-TestVolumeBootPatternV2-server-1523349840', 'OS-SRV-USG:launched_at': '2017-03-14T17:11:24.000000', 'config_drive': '', 'hostId': '66e32d356ba65ded68028b791c789711569441163bb8581935186e0a', 'OS-DCF:diskConfig': 'MANUAL', 'os-extended-volumes:volumes_attached': [{'id': 'a1c8eb7a-5eaa-437a-aedc-a7a1656c5fe1'}]}
2017-03-14 17:11:25,304 100957 INFO     [tempest.scenario.test_volume_boot_pattern] Getting timestamp in instance {'accessIPv4': '', 'progress': 0, 'OS-SRV-USG:terminated_at': None, 'tenant_id': '6721a6dfdd2a45d88bf243765d3c9517', 'created': '2017-03-14T17:11:07Z', 'addresses': {'tempest-TestVolumeBootPatternV2-1864083148-network': [{'OS-EXT-IPS-MAC:mac_addr': 'fa:16:3e:11:4d:db', 'version': 4, 'OS-EXT-IPS:type': 'fixed', 'addr': '192.168.21.9'}]}, 'flavor': {'links': [{'rel': 'bookmark', 'href': 'http://10.245.2.216:8774/6721a6dfdd2a45d88bf243765d3c9517/flavors/db0b353c-a4ab-458f-a424-7b90e66297c8'}], 'id': 'db0b353c-a4ab-458f-a424-7b90e66297c8'}, 'image': '', 'accessIPv6': '', 'OS-EXT-STS:task_state': None, 'security_groups': [{'name': 'tempest-TestVolumeBootPatternV2-1469315194'}], 'metadata': {}, 'status': 'ACTIVE', 'key_name': 'tempest-TestVolumeBootPatternV2-1543318439', 'updated': '2017-03-14T17:11:24Z', 'OS-EXT-STS:vm_state': 'active', 'OS-EXT-STS:power_state': 1, 'OS-EXT-AZ:availability_zone': 'cloudzone1', 'user_id': '9b711400509c4d8dbc5bfb19eb46e18e', 'links': [{'rel': 'self', 'href': 'http://10.245.2.216:8774/v2/6721a6dfdd2a45d88bf243765d3c9517/servers/b3f5ac43-dc10-4991-a1c8-e654be8cee7e'}, {'rel': 'bookmark', 'href': 'http://10.245.2.216:8774/6721a6dfdd2a45d88bf243765d3c9517/servers/b3f5ac43-dc10-4991-a1c8-e654be8cee7e'}], 'id': 'b3f5ac43-dc10-4991-a1c8-e654be8cee7e', 'name': 'tempest-TestVolumeBootPatternV2-server-1523349840', 'OS-SRV-USG:launched_at': '2017-03-14T17:11:24.000000', 'config_drive': '', 'hostId': '66e32d356ba65ded68028b791c789711569441163bb8581935186e0a', 'OS-DCF:diskConfig': 'MANUAL', 'os-extended-volumes:volumes_attached': [{'id': 'a1c8eb7a-5eaa-437a-aedc-a7a1656c5fe1'}]}
2017-03-14 17:11:26,644 100957 INFO     [tempest.lib.common.rest_client] Request (TestVolumeBootPatternV2:test_volume_boot_pattern): 200 POST http://10.245.2.216:8774/v2/6721a6dfdd2a45d88bf243765d3c9517/os-floating-ips 1.340s
2017-03-14 17:11:27,972 100957 INFO     [tempest.lib.common.rest_client] Request (TestVolumeBootPatternV2:test_volume_boot_pattern): 202 POST http://10.245.2.216:8774/v2/6721a6dfdd2a45d88bf243765d3c9517/servers/b3f5ac43-dc10-4991-a1c8-e654be8cee7e/action 1.325s
2017-03-14 17:11:27,974 100957 INFO     [tempest.lib.common.ssh] Creating ssh connection to '10.245.52.72:22' as 'ubuntu' with public key authentication
2017-03-14 17:11:30,972 100957 WARNING  [tempest.lib.common.ssh] Failed to establish authenticated ssh connection to ubuntu@10.245.52.72 ([Errno None] Unable to connect to port 22 on 10.245.52.72). Number attempts: 1. Retry after 2 seconds.
2017-03-14 17:11:35,977 100957 WARNING  [tempest.lib.common.ssh] Failed to establish authenticated ssh connection to ubuntu@10.245.52.72 ([Errno None] Unable to connect to port 22 on 10.245.52.72). Number attempts: 2. Retry after 3 seconds.
2017-03-14 17:11:42,481 100957 WARNING  [tempest.lib.common.ssh] Failed to establish authenticated ssh connection to ubuntu@10.245.52.72 ([Errno None] Unable to connect to port 22 on 10.245.52.72). Number attempts: 3. Retry after 4 seconds.
2017-03-14 17:11:49,981 100957 WARNING  [tempest.lib.common.ssh] Failed to establish authenticated ssh connection to ubuntu@10.245.52.72 ([Errno None] Unable to connect to port 22 on 10.245.52.72). Number attempts: 4. Retry after 5 seconds.
2017-03-14 17:11:57,367 100957 WARNING  [tempest.lib.common.ssh] Failed to establish authenticated ssh connection to ubuntu@10.245.52.72 ([Errno None] Unable to connect to port 22 on 10.245.52.72). Number attempts: 5. Retry after 6 seconds.
2017-03-14 17:12:03,875 100957 WARNING  [tempest.lib.common.ssh] Failed to establish authenticated ssh connection to ubuntu@10.245.52.72 ([Errno None] Unable to connect to port 22 on 10.245.52.72). Number attempts: 6. Retry after 7 seconds.
2017-03-14 17:12:11,381 100957 WARNING  [tempest.lib.common.ssh] Failed to establish authenticated ssh connection to ubuntu@10.245.52.72 ([Errno None] Unable to connect to port 22 on 10.245.52.72). Number attempts: 7. Retry after 8 seconds.
2017-03-14 17:12:19,903 100957 INFO     [paramiko.transport] Connected (version 2.0, client OpenSSH_7.2p2)
2017-03-14 17:12:20,063 100957 INFO     [paramiko.transport] Authentication (publickey) successful!
2017-03-14 17:12:20,064 100957 INFO     [tempest.lib.common.ssh] ssh connection to ubuntu@10.245.52.72 successfully created
2017-03-14 17:12:20,064 100957 INFO     [tempest.lib.common.ssh] Creating ssh connection to '10.245.52.72:22' as 'ubuntu' with public key authentication
2017-03-14 17:12:20,115 100957 INFO     [paramiko.transport] Connected (version 2.0, client OpenSSH_7.2p2)
2017-03-14 17:12:20,215 100957 INFO     [paramiko.transport] Authentication (publickey) successful!
2017-03-14 17:12:20,216 100957 INFO     [tempest.lib.common.ssh] ssh connection to ubuntu@10.245.52.72 successfully created
2017-03-14 17:12:20,472 100957 INFO     [tempest.scenario.test_volume_boot_pattern] Creating snapshot from volume: a1c8eb7a-5eaa-437a-aedc-a7a1656c5fe1
2017-03-14 17:12:21,049 100957 INFO     [tempest.lib.common.rest_client] Request (TestVolumeBootPatternV2:test_volume_boot_pattern): 202 POST http://10.245.58.175:8776/v2/6721a6dfdd2a45d88bf243765d3c9517/snapshots 0.575s
2017-03-14 17:12:21,114 100957 INFO     [tempest.lib.common.rest_client] Request (TestVolumeBootPatternV2:test_volume_boot_pattern): 200 GET http://10.245.58.175:8776/v2/6721a6dfdd2a45d88bf243765d3c9517/snapshots/d4a96fcb-6014-4193-9ce5-64c76d0d7f04 0.064s
2017-03-14 17:12:22,174 100957 INFO     [tempest.lib.common.rest_client] Request (TestVolumeBootPatternV2:test_volume_boot_pattern): 200 GET http://10.245.58.175:8776/v2/6721a6dfdd2a45d88bf243765d3c9517/snapshots/d4a96fcb-6014-4193-9ce5-64c76d0d7f04 0.057s
2017-03-14 17:12:22,175 100957 INFO     [tempest.scenario.test_volume_boot_pattern] Creating third instance from snapshot: d4a96fcb-6014-4193-9ce5-64c76d0d7f04
2017-03-14 17:12:23,186 100957 INFO     [tempest.lib.common.rest_client] Request (TestVolumeBootPatternV2:test_volume_boot_pattern): 202 POST http://10.245.58.175:8776/v2/6721a6dfdd2a45d88bf243765d3c9517/volumes 1.010s
2017-03-14 17:12:23,266 100957 INFO     [tempest.lib.common.rest_client] Request (TestVolumeBootPatternV2:test_volume_boot_pattern): 200 GET http://10.245.58.175:8776/v2/6721a6dfdd2a45d88bf243765d3c9517/volumes/ccdf73ae-5630-41ef-8d8f-90526e9d0523 0.079s
2017-03-14 17:12:24,363 100957 INFO     [tempest.lib.common.rest_client] Request (TestVolumeBootPatternV2:test_volume_boot_pattern): 200 GET http://10.245.58.175:8776/v2/6721a6dfdd2a45d88bf243765d3c9517/volumes/ccdf73ae-5630-41ef-8d8f-90526e9d0523 0.095s
2017-03-14 17:12:24,454 100957 INFO     [tempest.lib.common.rest_client] Request (TestVolumeBootPatternV2:test_volume_boot_pattern): 200 GET http://10.245.58.175:8776/v2/6721a6dfdd2a45d88bf243765d3c9517/volumes/ccdf73ae-5630-41ef-8d8f-90526e9d0523 0.089s
2017-03-14 17:12:24,454 100957 INFO     [tempest.scenario.test_volume_boot_pattern] Booting third instance from snapshot
2017-03-14 17:12:24,697 100957 INFO     [tempest.lib.common.rest_client] Request (TestVolumeBootPatternV2:test_volume_boot_pattern): 200 POST http://10.245.2.192:5000/v2.0/tokens
2017-03-14 17:12:24,698 100957 INFO     [tempest.common.fixed_network] (TestVolumeBootPatternV2:test_volume_boot_pattern) Found network {'provider:network_type': 'gre', 'admin_state_up': True, 'tenant_id': '6721a6dfdd2a45d88bf243765d3c9517', 'shared': False, 'router:external': False, 'project_id': '6721a6dfdd2a45d88bf243765d3c9517', 'tags': [], 'status': 'ACTIVE', 'availability_zones': [], 'subnets': [], 'provider:physical_network': None, 'created_at': '2017-03-14T17:08:27Z', 'availability_zone_hints': [], 'description': '', 'id': '7f1bb28e-c376-4260-8bf3-a75c533fda69', 'name': 'tempest-TestVolumeBootPatternV2-1864083148-network', 'mtu': 1458, 'ipv4_address_scope': None, 'updated_at': '2017-03-14T17:08:28Z', 'provider:segmentation_id': 47, 'revision_number': 2, 'ipv6_address_scope': None} available for tenant
2017-03-14 17:12:26,178 100957 INFO     [tempest.lib.common.rest_client] Request (TestVolumeBootPatternV2:test_volume_boot_pattern): 202 POST http://10.245.2.216:8774/v2/6721a6dfdd2a45d88bf243765d3c9517/servers 1.479s
2017-03-14 17:12:26,309 100957 INFO     [tempest.lib.common.rest_client] Request (TestVolumeBootPatternV2:test_volume_boot_pattern): 200 GET http://10.245.2.216:8774/v2/6721a6dfdd2a45d88bf243765d3c9517/servers/f508fd4e-735c-430d-9d98-ec480c76080a 0.127s
2017-03-14 17:12:27,539 100957 INFO     [tempest.lib.common.rest_client] Request (TestVolumeBootPatternV2:test_volume_boot_pattern): 200 GET http://10.245.2.216:8774/v2/6721a6dfdd2a45d88bf243765d3c9517/servers/f508fd4e-735c-430d-9d98-ec480c76080a 0.217s
2017-03-14 17:12:27,546 100957 INFO     [tempest.common.waiters] State transition "BUILD/scheduling" ==> "BUILD/None" after 1 second wait
2017-03-14 17:12:28,743 100957 INFO     [tempest.lib.common.rest_client] Request (TestVolumeBootPatternV2:test_volume_boot_pattern): 200 GET http://10.245.2.216:8774/v2/6721a6dfdd2a45d88bf243765d3c9517/servers/f508fd4e-735c-430d-9d98-ec480c76080a 0.195s
2017-03-14 17:12:28,754 100957 INFO     [tempest.common.waiters] State transition "BUILD/None" ==> "BUILD/block_device_mapping" after 2 second wait
2017-03-14 17:12:30,032 100957 INFO     [tempest.lib.common.rest_client] Request (TestVolumeBootPatternV2:test_volume_boot_pattern): 200 GET http://10.245.2.216:8774/v2/6721a6dfdd2a45d88bf243765d3c9517/servers/f508fd4e-735c-430d-9d98-ec480c76080a 0.276s
2017-03-14 17:12:31,306 100957 INFO     [tempest.lib.common.rest_client] Request (TestVolumeBootPatternV2:test_volume_boot_pattern): 200 GET http://10.245.2.216:8774/v2/6721a6dfdd2a45d88bf243765d3c9517/servers/f508fd4e-735c-430d-9d98-ec480c76080a 0.264s
2017-03-14 17:12:31,316 100957 INFO     [tempest.common.waiters] State transition "BUILD/block_device_mapping" ==> "BUILD/spawning" after 5 second wait
2017-03-14 17:12:32,573 100957 INFO     [tempest.lib.common.rest_client] Request (TestVolumeBootPatternV2:test_volume_boot_pattern): 200 GET http://10.245.2.216:8774/v2/6721a6dfdd2a45d88bf243765d3c9517/servers/f508fd4e-735c-430d-9d98-ec480c76080a 0.255s
2017-03-14 17:12:33,875 100957 INFO     [tempest.lib.common.rest_client] Request (TestVolumeBootPatternV2:test_volume_boot_pattern): 200 GET http://10.245.2.216:8774/v2/6721a6dfdd2a45d88bf243765d3c9517/servers/f508fd4e-735c-430d-9d98-ec480c76080a 0.292s
2017-03-14 17:12:35,140 100957 INFO     [tempest.lib.common.rest_client] Request (TestVolumeBootPatternV2:test_volume_boot_pattern): 200 GET http://10.245.2.216:8774/v2/6721a6dfdd2a45d88bf243765d3c9517/servers/f508fd4e-735c-430d-9d98-ec480c76080a 0.254s
2017-03-14 17:12:36,421 100957 INFO     [tempest.lib.common.rest_client] Request (TestVolumeBootPatternV2:test_volume_boot_pattern): 200 GET http://10.245.2.216:8774/v2/6721a6dfdd2a45d88bf243765d3c9517/servers/f508fd4e-735c-430d-9d98-ec480c76080a 0.274s
2017-03-14 17:12:37,687 100957 INFO     [tempest.lib.common.rest_client] Request (TestVolumeBootPatternV2:test_volume_boot_pattern): 200 GET http://10.245.2.216:8774/v2/6721a6dfdd2a45d88bf243765d3c9517/servers/f508fd4e-735c-430d-9d98-ec480c76080a 0.256s
2017-03-14 17:12:38,947 100957 INFO     [tempest.lib.common.rest_client] Request (TestVolumeBootPatternV2:test_volume_boot_pattern): 200 GET http://10.245.2.216:8774/v2/6721a6dfdd2a45d88bf243765d3c9517/servers/f508fd4e-735c-430d-9d98-ec480c76080a 0.253s
2017-03-14 17:12:38,954 100957 INFO     [tempest.common.waiters] State transition "BUILD/spawning" ==> "ACTIVE/None" after 12 second wait
2017-03-14 17:12:39,195 100957 INFO     [tempest.lib.common.rest_client] Request (TestVolumeBootPatternV2:test_volume_boot_pattern): 200 GET http://10.245.2.216:8774/v2/6721a6dfdd2a45d88bf243765d3c9517/servers/f508fd4e-735c-430d-9d98-ec480c76080a 0.241s
2017-03-14 17:12:39,202 100957 INFO     [tempest.scenario.test_volume_boot_pattern] Booted third instance {'accessIPv4': '', 'progress': 0, 'OS-SRV-USG:terminated_at': None, 'tenant_id': '6721a6dfdd2a45d88bf243765d3c9517', 'created': '2017-03-14T17:12:26Z', 'addresses': {'tempest-TestVolumeBootPatternV2-1864083148-network': [{'OS-EXT-IPS-MAC:mac_addr': 'fa:16:3e:49:f7:39', 'version': 4, 'OS-EXT-IPS:type': 'fixed', 'addr': '192.168.21.10'}]}, 'flavor': {'links': [{'rel': 'bookmark', 'href': 'http://10.245.2.216:8774/6721a6dfdd2a45d88bf243765d3c9517/flavors/db0b353c-a4ab-458f-a424-7b90e66297c8'}], 'id': 'db0b353c-a4ab-458f-a424-7b90e66297c8'}, 'image': '', 'accessIPv6': '', 'OS-EXT-STS:task_state': None, 'security_groups': [{'name': 'tempest-TestVolumeBootPatternV2-1469315194'}], 'metadata': {}, 'status': 'ACTIVE', 'key_name': 'tempest-TestVolumeBootPatternV2-1543318439', 'updated': '2017-03-14T17:12:38Z', 'OS-EXT-STS:vm_state': 'active', 'OS-EXT-STS:power_state': 1, 'OS-EXT-AZ:availability_zone': 'cloudzone1', 'user_id': '9b711400509c4d8dbc5bfb19eb46e18e', 'links': [{'rel': 'self', 'href': 'http://10.245.2.216:8774/v2/6721a6dfdd2a45d88bf243765d3c9517/servers/f508fd4e-735c-430d-9d98-ec480c76080a'}, {'rel': 'bookmark', 'href': 'http://10.245.2.216:8774/6721a6dfdd2a45d88bf243765d3c9517/servers/f508fd4e-735c-430d-9d98-ec480c76080a'}], 'id': 'f508fd4e-735c-430d-9d98-ec480c76080a', 'name': 'tempest-TestVolumeBootPatternV2-server-34735981', 'OS-SRV-USG:launched_at': '2017-03-14T17:12:37.000000', 'config_drive': '', 'hostId': '66e32d356ba65ded68028b791c789711569441163bb8581935186e0a', 'OS-DCF:diskConfig': 'MANUAL', 'os-extended-volumes:volumes_attached': [{'id': 'ccdf73ae-5630-41ef-8d8f-90526e9d0523'}]}
[...]
2017-03-14 17:32:22,633 100951 INFO     [tempest.lib.common.rest_client] Request (TestVolumeBootPattern:_run_cleanups): 200 GET http://10.245.58.175:8776/v2/2eb29c5d283e4312bbd32c7664a1db25/volumes/e72f4773-85bf-46e9-8c57-0a36897b187d 0.102s
2017-03-14 17:32:23,735 100951 INFO     [tempest.lib.common.rest_client] Request (TestVolumeBootPattern:_run_cleanups): 200 GET http://10.245.58.175:8776/v2/2eb29c5d283e4312bbd32c7664a1db25/volumes/e72f4773-85bf-46e9-8c57-0a36897b187d 0.100s
2017-03-14 17:32:24,828 100951 INFO     [tempest.lib.common.rest_client] Request (TestVolumeBootPattern:_run_cleanups): 200 GET http://10.245.58.175:8776/v2/2eb29c5d283e4312bbd32c7664a1db25/volumes/e72f4773-85bf-46e9-8c57-0a36897b187d 0.090s
2017-03-14 17:32:25,933 100951 INFO     [tempest.lib.common.rest_client] Request (TestVolumeBootPattern:_run_cleanups): 200 GET http://10.245.58.175:8776/v2/2eb29c5d283e4312bbd32c7664a1db25/volumes/e72f4773-85bf-46e9-8c57-0a36897b187d 0.103s
2017-03-14 17:32:27,136 100951 INFO     [tempest.lib.common.rest_client] Request (TestVolumeBootPattern:_run_cleanups): 200 GET http://10.245.58.175:8776/v2/2eb29c5d283e4312bbd32c7664a1db25/volumes/e72f4773-85bf-46e9-8c57-0a36897b187d 0.201s
2017-03-14 17:32:28,235 100951 INFO     [tempest.lib.common.rest_client] Request (TestVolumeBootPattern:_run_cleanups): 200 GET http://10.245.58.175:8776/v2/2eb29c5d283e4312bbd32c7664a1db25/volumes/e72f4773-85bf-46e9-8c57-0a36897b187d 0.096s
2017-03-14 17:32:29,442 100951 INFO     [tempest.lib.common.rest_client] Request (TestVolumeBootPattern:_run_cleanups): 200 GET http://10.245.58.175:8776/v2/2eb29c5d283e4312bbd32c7664a1db25/volumes/e72f4773-85bf-46e9-8c57-0a36897b187d 0.204s
2017-03-14 17:32:30,537 100951 INFO     [tempest.lib.common.rest_client] Request (TestVolumeBootPattern:_run_cleanups): 200 GET http://10.245.58.175:8776/v2/2eb29c5d283e4312bbd32c7664a1db25/volumes/e72f4773-85bf-46e9-8c57-0a36897b187d 0.092s
2017-03-14 17:32:31,743 100951 INFO     [tempest.lib.common.rest_client] Request (TestVolumeBootPattern:_run_cleanups): 200 GET http://10.245.58.175:8776/v2/2eb29c5d283e4312bbd32c7664a1db25/volumes/e72f4773-85bf-46e9-8c57-0a36897b187d 0.204s
2017-03-14 17:32:32,844 100951 INFO     [tempest.lib.common.rest_client] Request (TestVolumeBootPattern:_run_cleanups): 200 GET http://10.245.58.175:8776/v2/2eb29c5d283e4312bbd32c7664a1db25/volumes/e72f4773-85bf-46e9-8c57-0a36897b187d 0.098s
2017-03-14 17:32:33,947 100951 INFO     [tempest.lib.common.rest_client] Request (TestVolumeBootPattern:_run_cleanups): 200 GET http://10.245.58.175:8776/v2/2eb29c5d283e4312bbd32c7664a1db25/volumes/e72f4773-85bf-46e9-8c57-0a36897b187d 0.100s
2017-03-14 17:32:35,049 100951 INFO     [tempest.lib.common.rest_client] Request (TestVolumeBootPattern:_run_cleanups): 200 GET http://10.245.58.175:8776/v2/2eb29c5d283e4312bbd32c7664a1db25/volumes/e72f4773-85bf-46e9-8c57-0a36897b187d 0.100s
2017-03-14 17:32:36,151 100951 INFO     [tempest.lib.common.rest_client] Request (TestVolumeBootPattern:_run_cleanups): 200 GET http://10.245.58.175:8776/v2/2eb29c5d283e4312bbd32c7664a1db25/volumes/e72f4773-85bf-46e9-8c57-0a36897b187d 0.099s
2017-03-14 17:32:37,260 100951 INFO     [tempest.lib.common.rest_client] Request (TestVolumeBootPattern:_run_cleanups): 200 GET http://10.245.58.175:8776/v2/2eb29c5d283e4312bbd32c7664a1db25/volumes/e72f4773-85bf-46e9-8c57-0a36897b187d 0.106s
2017-03-14 17:32:38,353 100951 INFO     [tempest.lib.common.rest_client] Request (TestVolumeBootPattern:_run_cleanups): 200 GET http://10.245.58.175:8776/v2/2eb29c5d283e4312bbd32c7664a1db25/volumes/e72f4773-85bf-46e9-8c57-0a36897b187d 0.091s
2017-03-14 17:32:39,461 100951 INFO     [tempest.lib.common.rest_client] Request (TestVolumeBootPattern:_run_cleanups): 200 GET http://10.245.58.175:8776/v2/2eb29c5d283e4312bbd32c7664a1db25/volumes/e72f4773-85bf-46e9-8c57-0a36897b187d 0.105s
2017-03-14 17:32:40,568 100951 INFO     [tempest.lib.common.rest_client] Request (TestVolumeBootPattern:_run_cleanups): 200 GET http://10.245.58.175:8776/v2/2eb29c5d283e4312bbd32c7664a1db25/volumes/e72f4773-85bf-46e9-8c57-0a36897b187d 0.104s
2017-03-14 17:32:41,667 100951 INFO     [tempest.lib.common.rest_client] Request (TestVolumeBootPattern:_run_cleanups): 200 GET http://10.245.58.175:8776/v2/2eb29c5d283e4312bbd32c7664a1db25/volumes/e72f4773-85bf-46e9-8c57-0a36897b187d 0.096s
2017-03-14 17:32:42,765 100951 INFO     [tempest.lib.common.rest_client] Request (TestVolumeBootPattern:_run_cleanups): 200 GET http://10.245.58.175:8776/v2/2eb29c5d283e4312bbd32c7664a1db25/volumes/e72f4773-85bf-46e9-8c57-0a36897b187d 0.095s
2017-03-14 17:32:43,867 100951 INFO     [tempest.lib.common.rest_client] Request (TestVolumeBootPattern:_run_cleanups): 200 GET http://10.245.58.175:8776/v2/2eb29c5d283e4312bbd32c7664a1db25/volumes/e72f4773-85bf-46e9-8c57-0a36897b187d 0.099s
2017-03-14 17:32:44,964 100951 INFO     [tempest.lib.common.rest_client] Request (TestVolumeBootPattern:_run_cleanups): 200 GET http://10.245.58.175:8776/v2/2eb29c5d283e4312bbd32c7664a1db25/volumes/e72f4773-85bf-46e9-8c57-0a36897b187d 0.095s
2017-03-14 17:32:46,060 100951 INFO     [tempest.lib.common.rest_client] Request (TestVolumeBootPattern:_run_cleanups): 200 GET http://10.245.58.175:8776/v2/2eb29c5d283e4312bbd32c7664a1db25/volumes/e72f4773-85bf-46e9-8c57-0a36897b187d 0.093s
2017-03-14 17:32:47,156 100951 INFO     [tempest.lib.common.rest_client] Request (TestVolumeBootPattern:_run_cleanups): 200 GET http://10.245.58.175:8776/v2/2eb29c5d283e4312bbd32c7664a1db25/volumes/e72f4773-85bf-46e9-8c57-0a36897b187d 0.094s
2017-03-14 17:32:48,253 100951 INFO     [tempest.lib.common.rest_client] Request (TestVolumeBootPattern:_run_cleanups): 200 GET http://10.245.58.175:8776/v2/2eb29c5d283e4312bbd32c7664a1db25/volumes/e72f4773-85bf-46e9-8c57-0a36897b187d 0.094s
2017-03-14 17:32:49,346 100951 INFO     [tempest.lib.common.rest_client] Request (TestVolumeBootPattern:_run_cleanups): 200 GET http://10.245.58.175:8776/v2/2eb29c5d283e4312bbd32c7664a1db25/volumes/e72f4773-85bf-46e9-8c57-0a36897b187d 0.091s
2017-03-14 17:32:50,448 100951 INFO     [tempest.lib.common.rest_client] Request (TestVolumeBootPattern:_run_cleanups): 200 GET http://10.245.58.175:8776/v2/2eb29c5d283e4312bbd32c7664a1db25/volumes/e72f4773-85bf-46e9-8c57-0a36897b187d 0.100s
2017-03-14 17:32:51,544 100951 INFO     [tempest.lib.common.rest_client] Request (TestVolumeBootPattern:_run_cleanups): 200 GET http://10.245.58.175:8776/v2/2eb29c5d283e4312bbd32c7664a1db25/volumes/e72f4773-85bf-46e9-8c57-0a36897b187d 0.094s
2017-03-14 17:32:52,647 100951 INFO     [tempest.lib.common.rest_client] Request (TestVolumeBootPattern:_run_cleanups): 200 GET http://10.245.58.175:8776/v2/2eb29c5d283e4312bbd32c7664a1db25/volumes/e72f4773-85bf-46e9-8c57-0a36897b187d 0.100s
2017-03-14 17:32:53,749 100951 INFO     [tempest.lib.common.rest_client] Request (TestVolumeBootPattern:_run_cleanups): 200 GET http://10.245.58.175:8776/v2/2eb29c5d283e4312bbd32c7664a1db25/volumes/e72f4773-85bf-46e9-8c57-0a36897b187d 0.099s
2017-03-14 17:32:54,850 100951 INFO     [tempest.lib.common.rest_client] Request (TestVolumeBootPattern:_run_cleanups): 200 GET http://10.245.58.175:8776/v2/2eb29c5d283e4312bbd32c7664a1db25/volumes/e72f4773-85bf-46e9-8c57-0a36897b187d 0.099s
2017-03-14 17:32:55,953 100951 INFO     [tempest.lib.common.rest_client] Request (TestVolumeBootPattern:_run_cleanups): 200 GET http://10.245.58.175:8776/v2/2eb29c5d283e4312bbd32c7664a1db25/volumes/e72f4773-85bf-46e9-8c57-0a36897b187d 0.101s
2017-03-14 17:32:57,047 100951 INFO     [tempest.lib.common.rest_client] Request (TestVolumeBootPattern:_run_cleanups): 200 GET http://10.245.58.175:8776/v2/2eb29c5d283e4312bbd32c7664a1db25/volumes/e72f4773-85bf-46e9-8c57-0a36897b187d 0.091s
2017-03-14 17:32:58,144 100951 INFO     [tempest.lib.common.rest_client] Request (TestVolumeBootPattern:_run_cleanups): 200 GET http://10.245.58.175:8776/v2/2eb29c5d283e4312bbd32c7664a1db25/volumes/e72f4773-85bf-46e9-8c57-0a36897b187d 0.095s
2017-03-14 17:32:59,246 100951 INFO     [tempest.lib.common.rest_client] Request (TestVolumeBootPattern:_run_cleanups): 200 GET http://10.245.58.175:8776/v2/2eb29c5d283e4312bbd32c7664a1db25/volumes/e72f4773-85bf-46e9-8c57-0a36897b187d 0.100s
2017-03-14 17:33:00,340 100951 INFO     [tempest.lib.common.rest_client] Request (TestVolumeBootPattern:_run_cleanups): 200 GET http://10.245.58.175:8776/v2/2eb29c5d283e4312bbd32c7664a1db25/volumes/e72f4773-85bf-46e9-8c57-0a36897b187d 0.092s
2017-03-14 17:33:01,456 100951 INFO     [tempest.lib.common.rest_client] Request (TestVolumeBootPattern:_run_cleanups): 200 GET http://10.245.58.175:8776/v2/2eb29c5d283e4312bbd32c7664a1db25/volumes/e72f4773-85bf-46e9-8c57-0a36897b187d 0.114s
2017-03-14 17:33:02,556 100951 INFO     [tempest.lib.common.rest_client] Request (TestVolumeBootPattern:_run_cleanups): 200 GET http://10.245.58.175:8776/v2/2eb29c5d283e4312bbd32c7664a1db25/volumes/e72f4773-85bf-46e9-8c57-0a36897b187d 0.097s
2017-03-14 17:33:03,663 100951 INFO     [tempest.lib.common.rest_client] Request (TestVolumeBootPattern:_run_cleanups): 200 GET http://10.245.58.175:8776/v2/2eb29c5d283e4312bbd32c7664a1db25/volumes/e72f4773-85bf-46e9-8c57-0a36897b187d 0.105s
2017-03-14 17:33:04,768 100951 INFO     [tempest.lib.common.rest_client] Request (TestVolumeBootPattern:_run_cleanups): 200 GET http://10.245.58.175:8776/v2/2eb29c5d283e4312bbd32c7664a1db25/volumes/e72f4773-85bf-46e9-8c57-0a36897b187d 0.102s
2017-03-14 17:33:05,874 100951 INFO     [tempest.lib.common.rest_client] Request (TestVolumeBootPattern:_run_cleanups): 200 GET http://10.245.58.175:8776/v2/2eb29c5d283e4312bbd32c7664a1db25/volumes/e72f4773-85bf-46e9-8c57-0a36897b187d 0.104s
2017-03-14 17:33:06,978 100951 INFO     [tempest.lib.common.rest_client] Request (TestVolumeBootPattern:_run_cleanups): 200 GET http://10.245.58.175:8776/v2/2eb29c5d283e4312bbd32c7664a1db25/volumes/e72f4773-85bf-46e9-8c57-0a36897b187d 0.101s
2017-03-14 17:33:08,087 100951 INFO     [tempest.lib.common.rest_client] Request (TestVolumeBootPattern:_run_cleanups): 200 GET http://10.245.58.175:8776/v2/2eb29c5d283e4312bbd32c7664a1db25/volumes/e72f4773-85bf-46e9-8c57-0a36897b187d 0.106s
2017-03-14 17:33:09,184 100951 INFO     [tempest.lib.common.rest_client] Request (TestVolumeBootPattern:_run_cleanups): 200 GET http://10.245.58.175:8776/v2/2eb29c5d283e4312bbd32c7664a1db25/volumes/e72f4773-85bf-46e9-8c57-0a36897b187d 0.095s
2017-03-14 17:33:10,402 100951 INFO     [tempest.lib.common.rest_client] Request (TestVolumeBootPattern:_run_cleanups): 200 GET http://10.245.58.175:8776/v2/2eb29c5d283e4312bbd32c7664a1db25/volumes/e72f4773-85bf-46e9-8c57-0a36897b187d 0.215s
2017-03-14 17:33:11,510 100951 INFO     [tempest.lib.common.rest_client] Request (TestVolumeBootPattern:_run_cleanups): 200 GET http://10.245.58.175:8776/v2/2eb29c5d283e4312bbd32c7664a1db25/volumes/e72f4773-85bf-46e9-8c57-0a36897b187d 0.105s
2017-03-14 17:33:12,614 100951 INFO     [tempest.lib.common.rest_client] Request (TestVolumeBootPattern:_run_cleanups): 200 GET http://10.245.58.175:8776/v2/2eb29c5d283e4312bbd32c7664a1db25/volumes/e72f4773-85bf-46e9-8c57-0a36897b187d 0.101s
2017-03-14 17:33:13,720 100951 INFO     [tempest.lib.common.rest_client] Request (TestVolumeBootPattern:_run_cleanups): 200 GET http://10.245.58.175:8776/v2/2eb29c5d283e4312bbd32c7664a1db25/volumes/e72f4773-85bf-46e9-8c57-0a36897b187d 0.104s
2017-03-14 17:33:14,821 100951 INFO     [tempest.lib.common.rest_client] Request (TestVolumeBootPattern:_run_cleanups): 200 GET http://10.245.58.175:8776/v2/2eb29c5d283e4312bbd32c7664a1db25/volumes/e72f4773-85bf-46e9-8c57-0a36897b187d 0.098s
2017-03-14 17:33:15,912 100951 INFO     [tempest.lib.common.rest_client] Request (TestVolumeBootPattern:_run_cleanups): 200 GET http://10.245.58.175:8776/v2/2eb29c5d283e4312bbd32c7664a1db25/volumes/e72f4773-85bf-46e9-8c57-0a36897b187d 0.089s
2017-03-14 17:33:17,008 100951 INFO     [tempest.lib.common.rest_client] Request (TestVolumeBootPattern:_run_cleanups): 200 GET http://10.245.58.175:8776/v2/2eb29c5d283e4312bbd32c7664a1db25/volumes/e72f4773-85bf-46e9-8c57-0a36897b187d 0.094s
2017-03-14 17:33:18,106 100951 INFO     [tempest.lib.common.rest_client] Request (TestVolumeBootPattern:_run_cleanups): 200 GET http://10.245.58.175:8776/v2/2eb29c5d283e4312bbd32c7664a1db25/volumes/e72f4773-85bf-46e9-8c57-0a36897b187d 0.095s
2017-03-14 17:33:19,203 100951 INFO     [tempest.lib.common.rest_client] Request (TestVolumeBootPattern:_run_cleanups): 200 GET http://10.245.58.175:8776/v2/2eb29c5d283e4312bbd32c7664a1db25/volumes/e72f4773-85bf-46e9-8c57-0a36897b187d 0.095s
2017-03-14 17:33:20,304 100951 INFO     [tempest.lib.common.rest_client] Request (TestVolumeBootPattern:_run_cleanups): 200 GET http://10.245.58.175:8776/v2/2eb29c5d283e4312bbd32c7664a1db25/volumes/e72f4773-85bf-46e9-8c57-0a36897b187d 0.099s
2017-03-14 17:33:21,397 100951 INFO     [tempest.lib.common.rest_client] Request (TestVolumeBootPattern:_run_cleanups): 200 GET http://10.245.58.175:8776/v2/2eb29c5d283e4312bbd32c7664a1db25/volumes/e72f4773-85bf-46e9-8c57-0a36897b187d 0.090s
2017-03-14 17:33:22,501 100951 INFO     [tempest.lib.common.rest_client] Request (TestVolumeBootPattern:_run_cleanups): 200 GET http://10.245.58.175:8776/v2/2eb29c5d283e4312bbd32c7664a1db25/volumes/e72f4773-85bf-46e9-8c57-0a36897b187d 0.102s
2017-03-14 17:33:23,605 100951 INFO     [tempest.lib.common.rest_client] Request (TestVolumeBootPattern:_run_cleanups): 200 GET http://10.245.58.175:8776/v2/2eb29c5d283e4312bbd32c7664a1db25/volumes/e72f4773-85bf-46e9-8c57-0a36897b187d 0.101s
2017-03-14 17:33:24,816 100951 INFO     [tempest.lib.common.rest_client] Request (TestVolumeBootPattern:_run_cleanups): 200 GET http://10.245.58.175:8776/v2/2eb29c5d283e4312bbd32c7664a1db25/volumes/e72f4773-85bf-46e9-8c57-0a36897b187d 0.209s
2017-03-14 17:33:25,910 100951 INFO     [tempest.lib.common.rest_client] Request (TestVolumeBootPattern:_run_cleanups): 200 GET http://10.245.58.175:8776/v2/2eb29c5d283e4312bbd32c7664a1db25/volumes/e72f4773-85bf-46e9-8c57-0a36897b187d 0.092s
2017-03-14 17:33:27,009 100951 INFO     [tempest.lib.common.rest_client] Request (TestVolumeBootPattern:_run_cleanups): 200 GET http://10.245.58.175:8776/v2/2eb29c5d283e4312bbd32c7664a1db25/volumes/e72f4773-85bf-46e9-8c57-0a36897b187d 0.096s
2017-03-14 17:33:28,108 100951 INFO     [tempest.lib.common.rest_client] Request (TestVolumeBootPattern:_run_cleanups): 200 GET http://10.245.58.175:8776/v2/2eb29c5d283e4312bbd32c7664a1db25/volumes/e72f4773-85bf-46e9-8c57-0a36897b187d 0.096s
2017-03-14 17:33:29,027 100951 INFO     [tempest.lib.common.rest_client] Request (TestVolumeBootPattern:_run_cleanups): 202 DELETE http://10.245.2.216:8774/v2/2eb29c5d283e4312bbd32c7664a1db25/os-security-groups/28494e4f-28e4-4db9-a208-654bacd9af2f 0.917s
2017-03-14 17:33:29,219 100951 INFO     [tempest.lib.common.rest_client] Request (TestVolumeBootPattern:_run_cleanups): 202 DELETE http://10.245.2.216:8774/v2/2eb29c5d283e4312bbd32c7664a1db25/os-keypairs/tempest-TestVolumeBootPattern-1006090619 0.191s
}}}

traceback-1: {{{
Traceback (most recent call last):
  File "/var/lib/tempest/tempest-14.0.0/tempest/tempest/lib/common/utils/test_utils.py", line 84, in call_and_ignore_notfound_exc
    return func(*args, **kwargs)
  File "/var/lib/tempest/tempest-14.0.0/tempest/tempest/lib/services/volume/v2/volumes_client.py", line 91, in delete_volume
    resp, body = self.delete("volumes/%s" % volume_id)
  File "/var/lib/tempest/tempest-14.0.0/tempest/tempest/lib/common/rest_client.py", line 307, in delete
    return self.request('DELETE', url, extra_headers, headers, body)
  File "/var/lib/tempest/tempest-14.0.0/tempest/tempest/lib/common/rest_client.py", line 664, in request
    self._error_checker(resp, resp_body)
  File "/var/lib/tempest/tempest-14.0.0/tempest/tempest/lib/common/rest_client.py", line 766, in _error_checker
    raise exceptions.BadRequest(resp_body, resp=resp)
tempest.lib.exceptions.BadRequest: Bad request
Details: {'code': 400, 'message': 'Invalid volume: Volume status must be available or error or error_restoring or error_extending and must not be migrating, attached, belong to a group or have snapshots.'}
}}}

traceback-2: {{{
Traceback (most recent call last):
  File "/var/lib/tempest/tempest-14.0.0/tempest/tempest/lib/common/rest_client.py", line 862, in wait_for_resource_deletion
    raise exceptions.TimeoutException(message)
tempest.lib.exceptions.TimeoutException: Request timed out
Details: (TestVolumeBootPattern:_run_cleanups) Failed to delete volume 389a05f1-4780-4e35-8a60-ca6e55a5f6e5 within the required time (300 s).
}}}

traceback-3: {{{
Traceback (most recent call last):
  File "/var/lib/tempest/tempest-14.0.0/tempest/tempest/lib/common/rest_client.py", line 863, in wait_for_resource_deletion
    time.sleep(self.build_interval)
  File "/var/lib/tempest/tempest-14.0.0/tempest/.tox/tempest/lib/python3.5/site-packages/fixtures/_fixtures/timeout.py", line 52, in signal_handler
    raise TimeoutException()
fixtures._fixtures.timeout.TimeoutException
}}}

traceback-4: {{{
Traceback (most recent call last):
  File "/var/lib/tempest/tempest-14.0.0/tempest/tempest/lib/common/utils/test_utils.py", line 84, in call_and_ignore_notfound_exc
    return func(*args, **kwargs)
  File "/var/lib/tempest/tempest-14.0.0/tempest/tempest/lib/services/volume/v2/volumes_client.py", line 91, in delete_volume
    resp, body = self.delete("volumes/%s" % volume_id)
  File "/var/lib/tempest/tempest-14.0.0/tempest/tempest/lib/common/rest_client.py", line 307, in delete
    return self.request('DELETE', url, extra_headers, headers, body)
  File "/var/lib/tempest/tempest-14.0.0/tempest/tempest/lib/common/rest_client.py", line 664, in request
    self._error_checker(resp, resp_body)
  File "/var/lib/tempest/tempest-14.0.0/tempest/tempest/lib/common/rest_client.py", line 766, in _error_checker
    raise exceptions.BadRequest(resp_body, resp=resp)
tempest.lib.exceptions.BadRequest: Bad request
Details: {'code': 400, 'message': 'Invalid volume: Volume status must be available or error or error_restoring or error_extending and must not be migrating, attached, belong to a group or have snapshots.'}
}}}

traceback-5: {{{
Traceback (most recent call last):
  File "/var/lib/tempest/tempest-14.0.0/tempest/tempest/lib/common/rest_client.py", line 862, in wait_for_resource_deletion
    raise exceptions.TimeoutException(message)
tempest.lib.exceptions.TimeoutException: Request timed out
Details: (TestVolumeBootPattern:_run_cleanups) Failed to delete volume e72f4773-85bf-46e9-8c57-0a36897b187d within the required time (300 s).
}}}

Traceback (most recent call last):
  File "/var/lib/tempest/tempest-14.0.0/tempest/tempest/test.py", line 99, in wrapper
    return f(self, *func_args, **func_kwargs)
  File "/var/lib/tempest/tempest-14.0.0/tempest/tempest/scenario/test_volume_boot_pattern.py", line 164, in test_volume_boot_pattern
    private_key=keypair['private_key'])
  File "/var/lib/tempest/tempest-14.0.0/tempest/tempest/scenario/manager.py", line 633, in get_timestamp
    % mount_path)
  File "/var/lib/tempest/tempest-14.0.0/tempest/tempest/common/utils/linux/remote_client.py", line 35, in wrapper
    return function(self, *args, **kwargs)
  File "/var/lib/tempest/tempest-14.0.0/tempest/tempest/common/utils/linux/remote_client.py", line 91, in exec_command
    return self.ssh_client.exec_command(cmd)
  File "/var/lib/tempest/tempest-14.0.0/tempest/tempest/lib/common/ssh.py", line 171, in exec_command
    stderr=err_data, stdout=out_data)
tempest.lib.exceptions.SSHExecCommandFailed: Command 'set -eu -o pipefail; PATH=$PATH:/sbin; sudo cat /mnt/timestamp', exit status: 1, stderr:
>>> /etc/sudoers.d/90-cloud-init-users: syntax error near line 5 &lt;&lt;&lt;
sudo: parse error in  near line 5
sudo: no valid sudoers sources found, quitting
sudo: unable to initialize policy plugin

stdout:

</failure>
</testcase>
</testsuite>
